2025-06-03 11:54:38,726 - INFO - 测试单个日期...
2025-06-03 11:54:38,727 - INFO - 正在下载: 20250603 - https://rmydb.cnii.com.cn/html/2025/20250603/data.json
2025-06-03 11:54:39,314 - INFO - 成功下载 20250603: 8 条数据
2025-06-03 11:54:39,316 - INFO - 已保存到: data/20250603_data.json
2025-06-03 11:54:39,316 - INFO - 测试成功，开始爬取2025年5月的所有数据...
2025-06-03 11:54:39,316 - INFO - 开始爬取 2025年5月 的数据
2025-06-03 11:54:39,316 - INFO - 正在下载: 20250501 - https://rmydb.cnii.com.cn/html/2025/20250501/data.json
2025-06-03 11:54:39,546 - INFO - 成功下载 20250501: 8 条数据
2025-06-03 11:54:39,547 - INFO - 已保存到: data/20250501_data.json
2025-06-03 11:54:40,553 - INFO - 正在下载: 20250502 - https://rmydb.cnii.com.cn/html/2025/20250502/data.json
2025-06-03 11:54:40,878 - ERROR - 下载失败 20250502: 404 Client Error: Not Found for url: https://rmydb.cnii.com.cn/html/2025/20250502/data.json
2025-06-03 11:54:41,879 - INFO - 正在下载: 20250503 - https://rmydb.cnii.com.cn/html/2025/20250503/data.json
2025-06-03 11:54:42,083 - ERROR - 下载失败 20250503: 404 Client Error: Not Found for url: https://rmydb.cnii.com.cn/html/2025/20250503/data.json
2025-06-03 11:54:43,088 - INFO - 正在下载: 20250504 - https://rmydb.cnii.com.cn/html/2025/20250504/data.json
2025-06-03 11:54:43,342 - ERROR - 下载失败 20250504: 404 Client Error: Not Found for url: https://rmydb.cnii.com.cn/html/2025/20250504/data.json
2025-06-03 11:54:44,347 - INFO - 正在下载: 20250505 - https://rmydb.cnii.com.cn/html/2025/20250505/data.json
2025-06-03 11:54:44,499 - ERROR - 下载失败 20250505: 404 Client Error: Not Found for url: https://rmydb.cnii.com.cn/html/2025/20250505/data.json
2025-06-03 11:54:45,504 - INFO - 正在下载: 20250506 - https://rmydb.cnii.com.cn/html/2025/20250506/data.json
2025-06-03 11:54:45,718 - ERROR - 下载失败 20250506: 404 Client Error: Not Found for url: https://rmydb.cnii.com.cn/html/2025/20250506/data.json
2025-06-03 11:54:46,724 - INFO - 正在下载: 20250507 - https://rmydb.cnii.com.cn/html/2025/20250507/data.json
2025-06-03 11:54:46,918 - INFO - 成功下载 20250507: 4 条数据
2025-06-03 11:54:46,920 - INFO - 已保存到: data/20250507_data.json
2025-06-03 11:54:47,923 - INFO - 正在下载: 20250508 - https://rmydb.cnii.com.cn/html/2025/20250508/data.json
2025-06-03 11:54:48,642 - INFO - 成功下载 20250508: 8 条数据
2025-06-03 11:54:48,644 - INFO - 已保存到: data/20250508_data.json
2025-06-03 11:54:49,649 - INFO - 正在下载: 20250509 - https://rmydb.cnii.com.cn/html/2025/20250509/data.json
2025-06-03 11:54:49,852 - INFO - 成功下载 20250509: 4 条数据
2025-06-03 11:54:49,854 - INFO - 已保存到: data/20250509_data.json
2025-06-03 11:54:50,859 - INFO - 正在下载: 20250510 - https://rmydb.cnii.com.cn/html/2025/20250510/data.json
2025-06-03 11:54:51,189 - WARNING - 20250510 返回的不是有效JSON格式
2025-06-03 11:54:51,189 - INFO - 已保存到: data/20250510_data.json
2025-06-03 11:54:52,190 - INFO - 正在下载: 20250511 - https://rmydb.cnii.com.cn/html/2025/20250511/data.json
2025-06-03 11:54:52,850 - WARNING - 20250511 返回的不是有效JSON格式
2025-06-03 11:54:52,850 - INFO - 已保存到: data/20250511_data.json
2025-06-03 11:54:53,854 - INFO - 正在下载: 20250512 - https://rmydb.cnii.com.cn/html/2025/20250512/data.json
2025-06-03 11:54:54,478 - WARNING - 20250512 返回的不是有效JSON格式
2025-06-03 11:54:54,478 - INFO - 已保存到: data/20250512_data.json
2025-06-03 11:54:55,484 - INFO - 正在下载: 20250513 - https://rmydb.cnii.com.cn/html/2025/20250513/data.json
2025-06-03 11:54:55,930 - WARNING - 20250513 返回的不是有效JSON格式
2025-06-03 11:54:55,931 - INFO - 已保存到: data/20250513_data.json
2025-06-03 11:54:56,937 - INFO - 正在下载: 20250514 - https://rmydb.cnii.com.cn/html/2025/20250514/data.json
2025-06-03 11:54:57,083 - WARNING - 20250514 返回的不是有效JSON格式
2025-06-03 11:54:57,085 - INFO - 已保存到: data/20250514_data.json
2025-06-03 11:54:58,094 - INFO - 正在下载: 20250515 - https://rmydb.cnii.com.cn/html/2025/20250515/data.json
2025-06-03 11:54:58,364 - WARNING - 20250515 返回的不是有效JSON格式
2025-06-03 11:54:58,364 - INFO - 已保存到: data/20250515_data.json
2025-06-03 11:54:59,371 - INFO - 正在下载: 20250516 - https://rmydb.cnii.com.cn/html/2025/20250516/data.json
2025-06-03 11:54:59,827 - WARNING - 20250516 返回的不是有效JSON格式
2025-06-03 11:54:59,828 - INFO - 已保存到: data/20250516_data.json
2025-06-03 11:55:00,833 - INFO - 正在下载: 20250517 - https://rmydb.cnii.com.cn/html/2025/20250517/data.json
2025-06-03 11:55:01,272 - WARNING - 20250517 返回的不是有效JSON格式
2025-06-03 11:55:01,274 - INFO - 已保存到: data/20250517_data.json
2025-06-03 11:55:02,275 - INFO - 正在下载: 20250518 - https://rmydb.cnii.com.cn/html/2025/20250518/data.json
2025-06-03 11:55:02,419 - WARNING - 20250518 返回的不是有效JSON格式
2025-06-03 11:55:02,420 - INFO - 已保存到: data/20250518_data.json
2025-06-03 11:55:03,426 - INFO - 正在下载: 20250519 - https://rmydb.cnii.com.cn/html/2025/20250519/data.json
2025-06-03 11:55:03,571 - WARNING - 20250519 返回的不是有效JSON格式
2025-06-03 11:55:03,572 - INFO - 已保存到: data/20250519_data.json
2025-06-03 11:55:04,574 - INFO - 正在下载: 20250520 - https://rmydb.cnii.com.cn/html/2025/20250520/data.json
2025-06-03 11:55:04,953 - WARNING - 20250520 返回的不是有效JSON格式
2025-06-03 11:55:04,953 - INFO - 已保存到: data/20250520_data.json
2025-06-03 11:55:05,964 - INFO - 正在下载: 20250521 - https://rmydb.cnii.com.cn/html/2025/20250521/data.json
2025-06-03 11:55:06,464 - WARNING - 20250521 返回的不是有效JSON格式
2025-06-03 11:55:06,465 - INFO - 已保存到: data/20250521_data.json
2025-06-03 11:55:07,510 - INFO - 正在下载: 20250522 - https://rmydb.cnii.com.cn/html/2025/20250522/data.json
2025-06-03 11:55:07,684 - WARNING - 20250522 返回的不是有效JSON格式
2025-06-03 11:55:07,686 - INFO - 已保存到: data/20250522_data.json
2025-06-03 11:55:08,689 - INFO - 正在下载: 20250523 - https://rmydb.cnii.com.cn/html/2025/20250523/data.json
2025-06-03 11:55:09,013 - WARNING - 20250523 返回的不是有效JSON格式
2025-06-03 11:55:09,013 - INFO - 已保存到: data/20250523_data.json
2025-06-03 11:55:10,016 - INFO - 正在下载: 20250524 - https://rmydb.cnii.com.cn/html/2025/20250524/data.json
2025-06-03 11:55:10,635 - WARNING - 20250524 返回的不是有效JSON格式
2025-06-03 11:55:10,636 - INFO - 已保存到: data/20250524_data.json
2025-06-03 11:55:11,641 - INFO - 正在下载: 20250525 - https://rmydb.cnii.com.cn/html/2025/20250525/data.json
2025-06-03 11:55:12,061 - WARNING - 20250525 返回的不是有效JSON格式
2025-06-03 11:55:12,062 - INFO - 已保存到: data/20250525_data.json
2025-06-03 11:55:13,067 - INFO - 正在下载: 20250526 - https://rmydb.cnii.com.cn/html/2025/20250526/data.json
2025-06-03 11:55:13,873 - WARNING - 20250526 返回的不是有效JSON格式
2025-06-03 11:55:13,874 - INFO - 已保存到: data/20250526_data.json
2025-06-03 11:55:14,877 - INFO - 正在下载: 20250527 - https://rmydb.cnii.com.cn/html/2025/20250527/data.json
2025-06-03 11:55:15,107 - WARNING - 20250527 返回的不是有效JSON格式
2025-06-03 11:55:15,109 - INFO - 已保存到: data/20250527_data.json
2025-06-03 11:55:16,114 - INFO - 正在下载: 20250528 - https://rmydb.cnii.com.cn/html/2025/20250528/data.json
2025-06-03 11:55:16,240 - WARNING - 20250528 返回的不是有效JSON格式
2025-06-03 11:55:16,241 - INFO - 已保存到: data/20250528_data.json
2025-06-03 11:55:17,244 - INFO - 正在下载: 20250529 - https://rmydb.cnii.com.cn/html/2025/20250529/data.json
2025-06-03 11:55:17,623 - WARNING - 20250529 返回的不是有效JSON格式
2025-06-03 11:55:17,624 - INFO - 已保存到: data/20250529_data.json
2025-06-03 11:55:18,625 - INFO - 正在下载: 20250530 - https://rmydb.cnii.com.cn/html/2025/20250530/data.json
2025-06-03 11:55:19,111 - WARNING - 20250530 返回的不是有效JSON格式
2025-06-03 11:55:19,112 - INFO - 已保存到: data/20250530_data.json
2025-06-03 11:55:20,117 - INFO - 正在下载: 20250531 - https://rmydb.cnii.com.cn/html/2025/20250531/data.json
2025-06-03 11:55:20,341 - WARNING - 20250531 返回的不是有效JSON格式
2025-06-03 11:55:20,341 - INFO - 已保存到: data/20250531_data.json
2025-06-03 11:55:21,343 - INFO - 爬取完成! 成功: 26, 失败: 5
2025-06-03 11:56:07,959 - INFO - 测试单个日期...
2025-06-03 11:56:07,959 - INFO - 正在下载: 20250603 - https://rmydb.cnii.com.cn/html/2025/20250603/data.json
2025-06-03 11:56:08,962 - WARNING - 20250603 返回的不是有效JSON格式
2025-06-03 11:56:08,963 - INFO - 已保存到: data/20250603_data.json
2025-06-03 11:56:08,963 - INFO - 测试成功，开始爬取2025年5月的所有数据...
2025-06-03 11:56:08,963 - INFO - 开始爬取 2025年5月 的数据
2025-06-03 11:56:08,963 - INFO - 正在下载: 20250501 - https://rmydb.cnii.com.cn/html/2025/20250501/data.json
2025-06-03 11:56:09,579 - WARNING - 20250501 返回的不是有效JSON格式
2025-06-03 11:56:09,580 - INFO - 已保存到: data/20250501_data.json
2025-06-03 11:56:10,581 - INFO - 正在下载: 20250502 - https://rmydb.cnii.com.cn/html/2025/20250502/data.json
2025-06-03 11:56:11,251 - WARNING - 20250502 返回的不是有效JSON格式
2025-06-03 11:56:11,252 - INFO - 已保存到: data/20250502_data.json
2025-06-03 11:56:12,252 - INFO - 正在下载: 20250503 - https://rmydb.cnii.com.cn/html/2025/20250503/data.json
2025-06-03 11:56:12,938 - WARNING - 20250503 返回的不是有效JSON格式
2025-06-03 11:56:12,939 - INFO - 已保存到: data/20250503_data.json
2025-06-03 11:56:13,944 - INFO - 正在下载: 20250504 - https://rmydb.cnii.com.cn/html/2025/20250504/data.json
2025-06-03 11:56:14,653 - WARNING - 20250504 返回的不是有效JSON格式
2025-06-03 11:56:14,654 - INFO - 已保存到: data/20250504_data.json
2025-06-03 11:56:15,659 - INFO - 正在下载: 20250505 - https://rmydb.cnii.com.cn/html/2025/20250505/data.json
2025-06-03 11:56:16,286 - WARNING - 20250505 返回的不是有效JSON格式
2025-06-03 11:56:16,288 - INFO - 已保存到: data/20250505_data.json
2025-06-03 11:56:17,291 - INFO - 正在下载: 20250506 - https://rmydb.cnii.com.cn/html/2025/20250506/data.json
2025-06-03 11:56:17,793 - WARNING - 20250506 返回的不是有效JSON格式
2025-06-03 11:56:17,795 - INFO - 已保存到: data/20250506_data.json
2025-06-03 11:56:18,799 - INFO - 正在下载: 20250507 - https://rmydb.cnii.com.cn/html/2025/20250507/data.json
2025-06-03 11:56:19,008 - WARNING - 20250507 返回的不是有效JSON格式
2025-06-03 11:56:19,009 - INFO - 已保存到: data/20250507_data.json
2025-06-03 11:56:20,014 - INFO - 正在下载: 20250508 - https://rmydb.cnii.com.cn/html/2025/20250508/data.json
2025-06-03 11:56:20,425 - WARNING - 20250508 返回的不是有效JSON格式
2025-06-03 11:56:20,427 - INFO - 已保存到: data/20250508_data.json
2025-06-03 11:56:21,431 - INFO - 正在下载: 20250509 - https://rmydb.cnii.com.cn/html/2025/20250509/data.json
2025-06-03 11:56:21,835 - WARNING - 20250509 返回的不是有效JSON格式
2025-06-03 11:56:21,837 - INFO - 已保存到: data/20250509_data.json
2025-06-03 11:57:00,818 - INFO - 测试单个日期...
2025-06-03 11:57:00,818 - INFO - 正在下载: 20250603 - https://rmydb.cnii.com.cn/html/2025/20250603/data.json
2025-06-03 11:57:03,034 - WARNING - 20250603 返回的不是有效JSON格式
2025-06-03 11:57:03,036 - INFO - 已保存到: data/20250603_data.json
2025-06-03 11:57:03,036 - INFO - 测试成功，开始爬取2025年5月的所有数据...
2025-06-03 11:57:03,036 - INFO - 开始爬取 2025年5月 的数据
2025-06-03 11:57:03,037 - INFO - 正在下载: 20250501 - https://rmydb.cnii.com.cn/html/2025/20250501/data.json
2025-06-03 11:57:03,304 - WARNING - 20250501 返回的不是有效JSON格式
2025-06-03 11:57:03,306 - INFO - 已保存到: data/20250501_data.json
2025-06-03 11:57:04,308 - INFO - 正在下载: 20250502 - https://rmydb.cnii.com.cn/html/2025/20250502/data.json
2025-06-03 11:57:04,565 - WARNING - 20250502 返回的不是有效JSON格式
2025-06-03 11:57:04,566 - INFO - 已保存到: data/20250502_data.json
2025-06-03 11:57:05,570 - INFO - 正在下载: 20250503 - https://rmydb.cnii.com.cn/html/2025/20250503/data.json
2025-06-03 11:57:06,630 - WARNING - 20250503 返回的不是有效JSON格式
2025-06-03 11:57:06,632 - INFO - 已保存到: data/20250503_data.json
2025-06-03 11:57:07,637 - INFO - 正在下载: 20250504 - https://rmydb.cnii.com.cn/html/2025/20250504/data.json
2025-06-03 12:03:53,690 - INFO - ====== WebDriver manager ======
2025-06-03 12:03:53,852 - INFO - Get LATEST chromedriver version for google-chrome
2025-06-03 12:03:54,776 - INFO - Get LATEST chromedriver version for google-chrome
2025-06-03 12:03:55,302 - INFO - There is no [mac64] chromedriver "137.0.7151.68" for browser google-chrome "137.0.7151" in cache
2025-06-03 12:03:55,313 - INFO - Get LATEST chromedriver version for google-chrome
2025-06-03 12:03:57,305 - INFO - WebDriver version 137.0.7151.68 selected
2025-06-03 12:03:57,309 - INFO - Modern chrome version https://storage.googleapis.com/chrome-for-testing-public/137.0.7151.68/mac-arm64/chromedriver-mac-arm64.zip
2025-06-03 12:03:57,309 - INFO - About to download new driver from https://storage.googleapis.com/chrome-for-testing-public/137.0.7151.68/mac-arm64/chromedriver-mac-arm64.zip
2025-06-03 12:03:58,292 - INFO - Driver downloading response is 200
2025-06-03 12:04:01,914 - INFO - Get LATEST chromedriver version for google-chrome
2025-06-03 12:04:02,587 - INFO - Driver has been saved in cache [/Users/dragonzhang/.wdm/drivers/chromedriver/mac64/137.0.7151.68]
2025-06-03 12:04:06,002 - INFO - Chrome WebDriver 初始化成功
2025-06-03 12:04:06,004 - INFO - 测试单个日期...
2025-06-03 12:04:06,004 - INFO - 使用Selenium下载: 20250603 - https://rmydb.cnii.com.cn/html/2025/20250603/data.json
2025-06-03 12:04:10,627 - INFO - 成功下载 20250603: 8 条数据
2025-06-03 12:04:10,630 - INFO - 已保存到: data/20250603_data.json
2025-06-03 12:04:10,631 - INFO - 测试成功，开始爬取2025年5月的所有数据...
2025-06-03 12:04:10,631 - INFO - 开始爬取 2025年5月 的数据
2025-06-03 12:04:10,631 - INFO - 使用模式: Selenium
2025-06-03 12:04:10,631 - INFO - 使用Selenium下载: 20250501 - https://rmydb.cnii.com.cn/html/2025/20250501/data.json
2025-06-03 12:04:13,970 - INFO - 成功下载 20250501: 8 条数据
2025-06-03 12:04:13,972 - INFO - 已保存到: data/20250501_data.json
2025-06-03 12:04:15,977 - INFO - 使用Selenium下载: 20250502 - https://rmydb.cnii.com.cn/html/2025/20250502/data.json
2025-06-03 12:04:19,255 - WARNING - 20250502 无法从页面中提取有效JSON数据
2025-06-03 12:04:21,258 - INFO - 使用Selenium下载: 20250503 - https://rmydb.cnii.com.cn/html/2025/20250503/data.json
2025-06-03 12:04:24,563 - WARNING - 20250503 无法从页面中提取有效JSON数据
2025-06-03 12:04:26,569 - INFO - 使用Selenium下载: 20250504 - https://rmydb.cnii.com.cn/html/2025/20250504/data.json
2025-06-03 12:04:29,926 - WARNING - 20250504 无法从页面中提取有效JSON数据
2025-06-03 12:04:31,936 - INFO - 使用Selenium下载: 20250505 - https://rmydb.cnii.com.cn/html/2025/20250505/data.json
2025-06-03 12:04:35,245 - WARNING - 20250505 无法从页面中提取有效JSON数据
2025-06-03 12:04:37,248 - INFO - 使用Selenium下载: 20250506 - https://rmydb.cnii.com.cn/html/2025/20250506/data.json
2025-06-03 12:04:40,647 - WARNING - 20250506 无法从页面中提取有效JSON数据
2025-06-03 12:04:42,652 - INFO - 使用Selenium下载: 20250507 - https://rmydb.cnii.com.cn/html/2025/20250507/data.json
2025-06-03 12:04:46,047 - INFO - 成功下载 20250507: 4 条数据
2025-06-03 12:04:46,049 - INFO - 已保存到: data/20250507_data.json
2025-06-03 12:04:48,054 - INFO - 使用Selenium下载: 20250508 - https://rmydb.cnii.com.cn/html/2025/20250508/data.json
2025-06-03 12:04:51,463 - INFO - 成功下载 20250508: 8 条数据
2025-06-03 12:04:51,465 - INFO - 已保存到: data/20250508_data.json
2025-06-03 12:04:53,471 - INFO - 使用Selenium下载: 20250509 - https://rmydb.cnii.com.cn/html/2025/20250509/data.json
2025-06-03 12:04:56,774 - INFO - 成功下载 20250509: 4 条数据
2025-06-03 12:04:56,775 - INFO - 已保存到: data/20250509_data.json
2025-06-03 12:04:58,778 - INFO - 使用Selenium下载: 20250510 - https://rmydb.cnii.com.cn/html/2025/20250510/data.json
2025-06-03 12:05:02,050 - WARNING - 20250510 无法从页面中提取有效JSON数据
2025-06-03 12:05:04,056 - INFO - 使用Selenium下载: 20250511 - https://rmydb.cnii.com.cn/html/2025/20250511/data.json
2025-06-03 12:05:07,325 - WARNING - 20250511 无法从页面中提取有效JSON数据
2025-06-03 12:05:09,327 - INFO - 使用Selenium下载: 20250512 - https://rmydb.cnii.com.cn/html/2025/20250512/data.json
2025-06-03 12:05:12,786 - INFO - 成功下载 20250512: 4 条数据
2025-06-03 12:05:12,787 - INFO - 已保存到: data/20250512_data.json
2025-06-03 12:05:14,792 - INFO - 使用Selenium下载: 20250513 - https://rmydb.cnii.com.cn/html/2025/20250513/data.json
2025-06-03 12:05:18,462 - INFO - 成功下载 20250513: 8 条数据
2025-06-03 12:05:18,468 - INFO - 已保存到: data/20250513_data.json
2025-06-03 12:05:20,473 - INFO - 使用Selenium下载: 20250514 - https://rmydb.cnii.com.cn/html/2025/20250514/data.json
2025-06-03 12:05:23,905 - INFO - 成功下载 20250514: 4 条数据
2025-06-03 12:05:23,908 - INFO - 已保存到: data/20250514_data.json
2025-06-03 12:05:25,909 - INFO - 使用Selenium下载: 20250515 - https://rmydb.cnii.com.cn/html/2025/20250515/data.json
2025-06-03 12:05:29,481 - INFO - 成功下载 20250515: 8 条数据
2025-06-03 12:05:29,482 - INFO - 已保存到: data/20250515_data.json
2025-06-03 12:05:31,483 - INFO - 使用Selenium下载: 20250516 - https://rmydb.cnii.com.cn/html/2025/20250516/data.json
2025-06-03 12:05:34,753 - WARNING - 20250516 无法从页面中提取有效JSON数据
2025-06-03 12:05:36,758 - INFO - 使用Selenium下载: 20250517 - https://rmydb.cnii.com.cn/html/2025/20250517/data.json
2025-06-03 12:05:40,248 - INFO - 成功下载 20250517: 32 条数据
2025-06-03 12:05:40,252 - INFO - 已保存到: data/20250517_data.json
2025-06-03 12:05:42,257 - INFO - 使用Selenium下载: 20250518 - https://rmydb.cnii.com.cn/html/2025/20250518/data.json
2025-06-03 12:05:45,500 - WARNING - 20250518 无法从页面中提取有效JSON数据
2025-06-03 12:05:47,510 - INFO - 使用Selenium下载: 20250519 - https://rmydb.cnii.com.cn/html/2025/20250519/data.json
2025-06-03 12:05:50,949 - INFO - 成功下载 20250519: 8 条数据
2025-06-03 12:05:50,950 - INFO - 已保存到: data/20250519_data.json
2025-06-03 12:05:52,954 - INFO - 使用Selenium下载: 20250520 - https://rmydb.cnii.com.cn/html/2025/20250520/data.json
2025-06-03 12:05:56,315 - INFO - 成功下载 20250520: 4 条数据
2025-06-03 12:05:56,317 - INFO - 已保存到: data/20250520_data.json
2025-06-03 12:05:58,318 - INFO - 使用Selenium下载: 20250521 - https://rmydb.cnii.com.cn/html/2025/20250521/data.json
2025-06-03 12:06:01,632 - INFO - 成功下载 20250521: 4 条数据
2025-06-03 12:06:01,634 - INFO - 已保存到: data/20250521_data.json
2025-06-03 12:06:03,638 - INFO - 使用Selenium下载: 20250522 - https://rmydb.cnii.com.cn/html/2025/20250522/data.json
2025-06-03 12:06:07,018 - INFO - 成功下载 20250522: 8 条数据
2025-06-03 12:06:07,021 - INFO - 已保存到: data/20250522_data.json
2025-06-03 12:06:09,027 - INFO - 使用Selenium下载: 20250523 - https://rmydb.cnii.com.cn/html/2025/20250523/data.json
2025-06-03 12:06:12,371 - INFO - 成功下载 20250523: 4 条数据
2025-06-03 12:06:12,373 - INFO - 已保存到: data/20250523_data.json
2025-06-03 12:06:14,376 - INFO - 使用Selenium下载: 20250524 - https://rmydb.cnii.com.cn/html/2025/20250524/data.json
2025-06-03 12:06:17,711 - WARNING - 20250524 无法从页面中提取有效JSON数据
2025-06-03 12:06:19,716 - INFO - 使用Selenium下载: 20250525 - https://rmydb.cnii.com.cn/html/2025/20250525/data.json
2025-06-03 12:06:23,003 - WARNING - 20250525 无法从页面中提取有效JSON数据
2025-06-03 12:06:25,005 - INFO - 使用Selenium下载: 20250526 - https://rmydb.cnii.com.cn/html/2025/20250526/data.json
2025-06-03 12:06:28,307 - INFO - 成功下载 20250526: 4 条数据
2025-06-03 12:06:28,309 - INFO - 已保存到: data/20250526_data.json
2025-06-03 12:06:30,313 - INFO - 使用Selenium下载: 20250527 - https://rmydb.cnii.com.cn/html/2025/20250527/data.json
2025-06-03 12:06:33,798 - INFO - 成功下载 20250527: 8 条数据
2025-06-03 12:06:33,799 - INFO - 已保存到: data/20250527_data.json
2025-06-03 12:06:35,805 - INFO - 使用Selenium下载: 20250528 - https://rmydb.cnii.com.cn/html/2025/20250528/data.json
2025-06-03 12:06:39,579 - INFO - 成功下载 20250528: 4 条数据
2025-06-03 12:06:39,581 - INFO - 已保存到: data/20250528_data.json
2025-06-03 12:06:41,587 - INFO - 使用Selenium下载: 20250529 - https://rmydb.cnii.com.cn/html/2025/20250529/data.json
2025-06-03 12:06:45,223 - INFO - 成功下载 20250529: 8 条数据
2025-06-03 12:06:45,224 - INFO - 已保存到: data/20250529_data.json
2025-06-03 12:06:47,243 - INFO - 使用Selenium下载: 20250530 - https://rmydb.cnii.com.cn/html/2025/20250530/data.json
2025-06-03 12:06:50,690 - INFO - 成功下载 20250530: 4 条数据
2025-06-03 12:06:50,692 - INFO - 已保存到: data/20250530_data.json
2025-06-03 12:06:52,697 - INFO - 使用Selenium下载: 20250531 - https://rmydb.cnii.com.cn/html/2025/20250531/data.json
2025-06-03 12:06:55,940 - WARNING - 20250531 无法从页面中提取有效JSON数据
2025-06-03 12:06:57,947 - INFO - 爬取完成! 成功: 19, 失败: 12
2025-06-03 12:06:57,948 - INFO - 成功下载的日期: 20250501, 20250507, 20250508, 20250509, 20250512, 20250513, 20250514, 20250515, 20250517, 20250519, 20250520, 20250521, 20250522, 20250523, 20250526, 20250527, 20250528, 20250529, 20250530
2025-06-03 12:06:57,948 - INFO - 失败或无数据的日期: 20250502, 20250503, 20250504, 20250505, 20250506, 20250510, 20250511, 20250516, 20250518, 20250524, 20250525, 20250531
2025-06-03 12:06:58,059 - INFO - 浏览器已关闭
