2025-06-03 12:55:42,483 - INFO - ====== WebDriver manager ======
2025-06-03 12:55:42,642 - INFO - Get LATEST chromedriver version for google-chrome
2025-06-03 12:55:42,959 - INFO - Get LATEST chromedriver version for google-chrome
2025-06-03 12:55:43,266 - INFO - Driver [/Users/dragonzhang/.wdm/drivers/chromedriver/mac64/137.0.7151.68/chromedriver-mac-arm64/chromedriver] found in cache
2025-06-03 12:55:45,090 - INFO - Chrome WebDriver 初始化成功
2025-06-03 12:55:45,229 - INFO - 浏览器已关闭
2025-06-03 12:58:54,325 - INFO - ====== WebDriver manager ======
2025-06-03 12:58:54,504 - INFO - Get LATEST chromedriver version for google-chrome
2025-06-03 12:58:54,821 - INFO - Get LATEST chromedriver version for google-chrome
2025-06-03 12:58:55,150 - INFO - Driver [/Users/dragonzhang/.wdm/drivers/chromedriver/mac64/137.0.7151.68/chromedriver-mac-arm64/chromedriver] found in cache
2025-06-03 12:58:57,190 - INFO - Chrome WebDriver 初始化成功
2025-06-03 12:58:57,191 - INFO - 正在爬取文章: 国际电信联盟无线电通信部门第四研究组相关工作组会议在上海开幕（附图片） - https://rmydb.cnii.com.cn/html/2025/20250501/20250501_008/20250501_008_01_5438.html
2025-06-03 12:58:57,192 - INFO - 正在访问: https://rmydb.cnii.com.cn/html/2025/20250501/20250501_008/20250501_008_01_5438.html (尝试 1/3)
2025-06-03 12:58:57,192 - INFO - 等待 2.3 秒 (请求数: 1)
2025-06-03 12:59:07,820 - INFO - 文章已保存: articles/20250501/20250501_008_01_5438.json
2025-06-03 12:59:07,822 - INFO - 正在爬取文章: 南平市无管局保障福建省文旅经济发展大会无线电安全 - https://rmydb.cnii.com.cn/html/2025/20250501/20250501_008/20250501_008_02_9479.html
2025-06-03 12:59:07,822 - INFO - 正在访问: https://rmydb.cnii.com.cn/html/2025/20250501/20250501_008/20250501_008_02_9479.html (尝试 1/3)
2025-06-03 12:59:07,822 - INFO - 等待 3.0 秒 (请求数: 2)
2025-06-03 12:59:16,415 - INFO - 文章已保存: articles/20250501/20250501_008_02_9479.json
2025-06-03 12:59:16,497 - INFO - 浏览器已关闭
2025-06-03 14:17:53,843 - INFO - 20250501: 应有33篇, 已爬30篇, 遗漏3篇
2025-06-03 14:17:53,844 - INFO - 20250507: 应有31篇, 已爬10篇, 遗漏21篇
2025-06-03 14:17:53,845 - INFO - 20250508: 应有43篇, 已爬10篇, 遗漏33篇
2025-06-03 14:17:53,845 - INFO - 20250509: 应有24篇, 已爬10篇, 遗漏14篇
2025-06-03 14:17:53,846 - INFO - 20250512: 应有29篇, 已爬10篇, 遗漏19篇
2025-06-03 14:17:53,846 - INFO - 20250513: 应有42篇, 已爬10篇, 遗漏32篇
2025-06-03 14:17:53,846 - INFO - 20250514: 应有31篇, 已爬10篇, 遗漏21篇
2025-06-03 14:17:53,847 - INFO - 20250515: 应有37篇, 已爬10篇, 遗漏27篇
2025-06-03 14:17:53,847 - INFO - 20250517: 应有89篇, 已爬10篇, 遗漏79篇
2025-06-03 14:17:53,848 - INFO - 20250519: 应有38篇, 已爬10篇, 遗漏28篇
2025-06-03 14:17:53,848 - INFO - 20250520: 应有23篇, 已爬10篇, 遗漏13篇
2025-06-03 14:17:53,849 - INFO - 20250521: 应有22篇, 已爬7篇, 遗漏15篇
2025-06-03 14:17:53,849 - INFO - 20250522: 应有47篇, 已爬0篇, 遗漏47篇
2025-06-03 14:17:53,849 - INFO - 20250523: 应有26篇, 已爬0篇, 遗漏26篇
2025-06-03 14:17:53,850 - INFO - 20250526: 应有27篇, 已爬0篇, 遗漏27篇
2025-06-03 14:17:53,851 - INFO - 20250527: 应有43篇, 已爬0篇, 遗漏43篇
2025-06-03 14:17:53,851 - INFO - 20250528: 应有20篇, 已爬0篇, 遗漏20篇
2025-06-03 14:17:53,852 - INFO - 20250529: 应有41篇, 已爬0篇, 遗漏41篇
2025-06-03 14:17:53,852 - INFO - 20250530: 应有24篇, 已爬0篇, 遗漏24篇
2025-06-03 14:17:53,853 - INFO - 20250603: 应有53篇, 已爬0篇, 遗漏53篇
2025-06-03 14:17:56,295 - INFO - ====== WebDriver manager ======
2025-06-03 14:17:56,504 - INFO - Get LATEST chromedriver version for google-chrome
2025-06-03 14:17:57,539 - INFO - Get LATEST chromedriver version for google-chrome
2025-06-03 14:17:58,701 - INFO - Driver [/Users/dragonzhang/.wdm/drivers/chromedriver/mac64/137.0.7151.68/chromedriver-mac-arm64/chromedriver] found in cache
2025-06-03 14:18:00,755 - INFO - Chrome WebDriver 初始化成功
2025-06-03 14:18:00,756 - INFO - 开始补充爬取 20250501 的遗漏文章
2025-06-03 14:18:00,757 - INFO - 开始爬取 20250501 的文章 (从第 1 篇开始)
2025-06-03 14:18:00,758 - INFO - 文章已存在且有效，跳过: articles/20250501/20250501_001_01_9980.json
2025-06-03 14:18:00,759 - INFO - 文章已存在且有效，跳过: articles/20250501/20250501_001_02_6072.json
2025-06-03 14:18:00,760 - INFO - 文章已存在且有效，跳过: articles/20250501/20250501_001_03_8962.json
2025-06-03 14:18:00,761 - INFO - 文章已存在且有效，跳过: articles/20250501/20250501_001_04_2222.json
2025-06-03 14:18:00,761 - INFO - 文章已存在且有效，跳过: articles/20250501/20250501_001_05_465.json
2025-06-03 14:18:00,762 - INFO - 文章已存在且有效，跳过: articles/20250501/20250501_001_06_591.json
2025-06-03 14:18:00,766 - INFO - 文章已存在且有效，跳过: articles/20250501/20250501_001_07_340.json
2025-06-03 14:18:00,767 - INFO - 文章已存在且有效，跳过: articles/20250501/20250501_001_08_205.json
2025-06-03 14:18:00,774 - INFO - 文章已存在且有效，跳过: articles/20250501/20250501_001_09_8424.json
2025-06-03 14:18:00,778 - INFO - 文章已存在且有效，跳过: articles/20250501/20250501_002_01_4164.json
2025-06-03 14:18:00,779 - INFO - 文章已存在且有效，跳过: articles/20250501/20250501_002_02_8840.json
2025-06-03 14:18:00,781 - INFO - 文章已存在且有效，跳过: articles/20250501/20250501_002_03_5738.json
2025-06-03 14:18:00,783 - INFO - 文章已存在且有效，跳过: articles/20250501/20250501_002_04_4890.json
2025-06-03 14:18:00,784 - INFO - 文章已存在且有效，跳过: articles/20250501/20250501_002_05_7262.json
2025-06-03 14:18:00,793 - INFO - 文章已存在且有效，跳过: articles/20250501/20250501_003_01_8813.json
2025-06-03 14:18:00,801 - INFO - 文章已存在且有效，跳过: articles/20250501/20250501_004_01_7510.json
2025-06-03 14:18:00,803 - INFO - 文章已存在且有效，跳过: articles/20250501/20250501_004_02_3002.json
2025-06-03 14:18:00,805 - INFO - 文章已存在且有效，跳过: articles/20250501/20250501_005_01_2883.json
2025-06-03 14:18:00,806 - INFO - 文章已存在且有效，跳过: articles/20250501/20250501_006_01_1965.json
2025-06-03 14:18:00,807 - INFO - 文章已存在且有效，跳过: articles/20250501/20250501_006_02_4765.json
2025-06-03 14:18:00,808 - INFO - 文章已存在且有效，跳过: articles/20250501/20250501_006_03_6641.json
2025-06-03 14:18:00,809 - INFO - 文章已存在且有效，跳过: articles/20250501/20250501_007_01_883.json
2025-06-03 14:18:00,810 - INFO - 文章已存在且有效，跳过: articles/20250501/20250501_007_02_5891.json
2025-06-03 14:18:00,811 - INFO - 文章已存在且有效，跳过: articles/20250501/20250501_007_03_4956.json
2025-06-03 14:18:00,812 - INFO - 文章已存在且有效，跳过: articles/20250501/20250501_007_04_9751.json
2025-06-03 14:18:00,813 - INFO - 文章已存在且有效，跳过: articles/20250501/20250501_007_05_7520.json
2025-06-03 14:18:00,814 - INFO - 文章已存在且有效，跳过: articles/20250501/20250501_007_06_8785.json
2025-06-03 14:18:00,815 - INFO - 文章已存在且有效，跳过: articles/20250501/20250501_007_07_7851.json
2025-06-03 14:18:00,817 - INFO - 文章已存在且有效，跳过: articles/20250501/20250501_008_01_5438.json
2025-06-03 14:18:00,817 - INFO - 文章已存在且有效，跳过: articles/20250501/20250501_008_02_9479.json
2025-06-03 14:18:00,817 - INFO - 正在爬取文章: 2024年度地面无线电业务行政许可“双随机、一公开”检查结果公布 - https://rmydb.cnii.com.cn/html/2025/20250501/20250501_008/20250501_008_03_460.html
2025-06-03 14:18:00,817 - INFO - 正在访问: https://rmydb.cnii.com.cn/html/2025/20250501/20250501_008/20250501_008_03_460.html (尝试 1/3)
2025-06-03 14:18:00,818 - INFO - 等待 2.5 秒 (请求数: 1)
2025-06-03 14:18:10,843 - INFO - 文章已保存: articles/20250501/20250501_008_03_460.json
2025-06-03 14:18:10,844 - INFO - 正在爬取文章: 山西省工信厅开展手机信号放大器、屏蔽器专项治理 - https://rmydb.cnii.com.cn/html/2025/20250501/20250501_008/20250501_008_04_7467.html
2025-06-03 14:18:10,844 - INFO - 正在访问: https://rmydb.cnii.com.cn/html/2025/20250501/20250501_008/20250501_008_04_7467.html (尝试 1/3)
2025-06-03 14:18:10,844 - INFO - 等待 4.4 秒 (请求数: 2)
2025-06-03 14:18:20,606 - INFO - 文章已保存: articles/20250501/20250501_008_04_7467.json
2025-06-03 14:18:20,606 - INFO - 正在爬取文章: 砺“监测尖兵”　护“电波长空”（附图片） - https://rmydb.cnii.com.cn/html/2025/20250501/20250501_008/20250501_008_05_455.html
2025-06-03 14:18:20,606 - INFO - 正在访问: https://rmydb.cnii.com.cn/html/2025/20250501/20250501_008/20250501_008_05_455.html (尝试 1/3)
2025-06-03 14:18:20,607 - INFO - 等待 3.0 秒 (请求数: 3)
2025-06-03 14:18:28,468 - INFO - 文章已保存: articles/20250501/20250501_008_05_455.json
2025-06-03 14:18:28,468 - INFO - 20250501 爬取完成: 成功 33/33
2025-06-03 14:18:28,469 - INFO - 20250501 补充爬取完成: 33/33
2025-06-03 14:18:28,469 - INFO - 开始补充爬取 20250507 的遗漏文章
2025-06-03 14:18:28,470 - INFO - 开始爬取 20250507 的文章 (从第 1 篇开始)
2025-06-03 14:18:28,470 - INFO - 文章已存在且有效，跳过: articles/20250507/20250507_001_01_1553.json
2025-06-03 14:18:28,470 - INFO - 文章已存在且有效，跳过: articles/20250507/20250507_001_02_4270.json
2025-06-03 14:18:28,471 - INFO - 文章已存在且有效，跳过: articles/20250507/20250507_001_03_5982.json
2025-06-03 14:18:28,471 - INFO - 文章已存在且有效，跳过: articles/20250507/20250507_001_04_991.json
2025-06-03 14:18:28,471 - INFO - 文章已存在且有效，跳过: articles/20250507/20250507_001_05_279.json
2025-06-03 14:18:28,472 - INFO - 文章已存在且有效，跳过: articles/20250507/20250507_001_06_9898.json
2025-06-03 14:18:28,472 - INFO - 文章已存在且有效，跳过: articles/20250507/20250507_001_07_6199.json
2025-06-03 14:18:28,473 - INFO - 文章已存在且有效，跳过: articles/20250507/20250507_001_08_6036.json
2025-06-03 14:18:28,473 - INFO - 文章已存在且有效，跳过: articles/20250507/20250507_002_01_8448.json
2025-06-03 14:18:28,473 - INFO - 文章已存在且有效，跳过: articles/20250507/20250507_002_02_685.json
2025-06-03 14:18:28,473 - INFO - 正在爬取文章: 聊城联通绘就“江北水城”智慧文旅新图景 - https://rmydb.cnii.com.cn/html/2025/20250507/20250507_002/20250507_002_03_3419.html
2025-06-03 14:18:28,473 - INFO - 正在访问: https://rmydb.cnii.com.cn/html/2025/20250507/20250507_002/20250507_002_03_3419.html (尝试 1/3)
2025-06-03 14:18:28,473 - INFO - 等待 3.8 秒 (请求数: 4)
2025-06-03 14:18:38,780 - INFO - 文章已保存: articles/20250507/20250507_002_03_3419.json
2025-06-03 14:18:38,782 - INFO - 正在爬取文章: 安徽电信助力全省AI辅助办案系统上线 - https://rmydb.cnii.com.cn/html/2025/20250507/20250507_002/20250507_002_04_2049.html
2025-06-03 14:18:38,782 - INFO - 正在访问: https://rmydb.cnii.com.cn/html/2025/20250507/20250507_002/20250507_002_04_2049.html (尝试 1/3)
2025-06-03 14:18:38,782 - INFO - 等待 3.9 秒 (请求数: 5)
2025-06-03 14:18:50,670 - INFO - 文章已保存: articles/20250507/20250507_002_04_2049.json
2025-06-03 14:18:50,671 - INFO - 正在爬取文章: 池州铁塔“五四护桩行动”疏解民生痛点 - https://rmydb.cnii.com.cn/html/2025/20250507/20250507_002/20250507_002_05_8850.html
2025-06-03 14:18:50,671 - INFO - 正在访问: https://rmydb.cnii.com.cn/html/2025/20250507/20250507_002/20250507_002_05_8850.html (尝试 1/3)
2025-06-03 14:18:50,672 - INFO - 等待 4.2 秒 (请求数: 6)
2025-06-03 14:18:58,487 - INFO - 文章已保存: articles/20250507/20250507_002_05_8850.json
2025-06-03 14:18:58,487 - INFO - 正在爬取文章: 湖南邵东移动“智慧体育”项目让“阳光运动”深入校园 - https://rmydb.cnii.com.cn/html/2025/20250507/20250507_002/20250507_002_06_5383.html
2025-06-03 14:18:58,488 - INFO - 正在访问: https://rmydb.cnii.com.cn/html/2025/20250507/20250507_002/20250507_002_06_5383.html (尝试 1/3)
2025-06-03 14:18:58,488 - INFO - 等待 2.9 秒 (请求数: 7)
2025-06-03 14:19:07,606 - INFO - 文章已保存: articles/20250507/20250507_002_06_5383.json
2025-06-03 14:19:07,607 - INFO - 正在爬取文章: 克州联通保障新疆“百年足球村”联赛 - https://rmydb.cnii.com.cn/html/2025/20250507/20250507_002/20250507_002_07_644.html
2025-06-03 14:19:07,607 - INFO - 正在访问: https://rmydb.cnii.com.cn/html/2025/20250507/20250507_002/20250507_002_07_644.html (尝试 1/3)
2025-06-03 14:19:07,607 - INFO - 等待 2.4 秒 (请求数: 8)
2025-06-03 14:19:16,078 - INFO - 文章已保存: articles/20250507/20250507_002_07_644.json
2025-06-03 14:19:16,079 - INFO - 正在爬取文章: 数字移动通信与数字中国的“数字”基因 - https://rmydb.cnii.com.cn/html/2025/20250507/20250507_003/20250507_003_01_8822.html
2025-06-03 14:19:16,079 - INFO - 正在访问: https://rmydb.cnii.com.cn/html/2025/20250507/20250507_003/20250507_003_01_8822.html (尝试 1/3)
2025-06-03 14:19:16,079 - INFO - 等待 5.0 秒 (请求数: 9)
2025-06-03 14:19:26,397 - INFO - 文章已保存: articles/20250507/20250507_003_01_8822.json
2025-06-03 14:19:26,399 - INFO - 正在爬取文章: 聊城联通筑牢森林防火“智慧屏障” - https://rmydb.cnii.com.cn/html/2025/20250507/20250507_003/20250507_003_02_7028.html
2025-06-03 14:19:26,399 - INFO - 正在访问: https://rmydb.cnii.com.cn/html/2025/20250507/20250507_003/20250507_003_02_7028.html (尝试 1/3)
2025-06-03 14:19:26,399 - INFO - 等待 8.5 秒 (请求数: 10)
2025-06-03 14:19:42,201 - INFO - 文章已保存: articles/20250507/20250507_003_02_7028.json
2025-06-03 14:19:42,202 - INFO - 正在爬取文章: 乌鲁木齐天山机场实现5G-A全覆盖 - https://rmydb.cnii.com.cn/html/2025/20250507/20250507_003/20250507_003_03_9870.html
2025-06-03 14:19:42,202 - INFO - 正在访问: https://rmydb.cnii.com.cn/html/2025/20250507/20250507_003/20250507_003_03_9870.html (尝试 1/3)
2025-06-03 14:19:42,202 - INFO - 等待 7.1 秒 (请求数: 11)
2025-06-03 14:19:55,276 - INFO - 文章已保存: articles/20250507/20250507_003_03_9870.json
2025-06-03 14:19:55,277 - INFO - 正在爬取文章: 图片新闻 - https://rmydb.cnii.com.cn/html/2025/20250507/20250507_003/20250507_003_04_6325.html
2025-06-03 14:19:55,277 - INFO - 正在访问: https://rmydb.cnii.com.cn/html/2025/20250507/20250507_003/20250507_003_04_6325.html (尝试 1/3)
2025-06-03 14:19:55,277 - INFO - 等待 5.6 秒 (请求数: 12)
2025-06-03 14:20:08,381 - INFO - 文章已保存: articles/20250507/20250507_003_04_6325.json
2025-06-03 14:20:08,382 - INFO - 正在爬取文章: 福建移动落地5G-A4CC方案 - https://rmydb.cnii.com.cn/html/2025/20250507/20250507_003/20250507_003_05_8148.html
2025-06-03 14:20:08,382 - INFO - 正在访问: https://rmydb.cnii.com.cn/html/2025/20250507/20250507_003/20250507_003_05_8148.html (尝试 1/3)
2025-06-03 14:20:08,382 - INFO - 等待 9.3 秒 (请求数: 13)
2025-06-03 14:20:13,205 - WARNING - Retrying (Retry(total=2, connect=None, read=None, redirect=None, status=None)) after connection broken by 'NewConnectionError('<urllib3.connection.HTTPConnection object at 0x1060078c0>: Failed to establish a new connection: [Errno 61] Connection refused')': /session/32e30c81a27bca4cfc6d9ec4c27396fd
2025-06-03 14:20:13,207 - WARNING - Retrying (Retry(total=1, connect=None, read=None, redirect=None, status=None)) after connection broken by 'NewConnectionError('<urllib3.connection.HTTPConnection object at 0x1057734d0>: Failed to establish a new connection: [Errno 61] Connection refused')': /session/32e30c81a27bca4cfc6d9ec4c27396fd
2025-06-03 14:20:13,208 - WARNING - Retrying (Retry(total=0, connect=None, read=None, redirect=None, status=None)) after connection broken by 'NewConnectionError('<urllib3.connection.HTTPConnection object at 0x105773c50>: Failed to establish a new connection: [Errno 61] Connection refused')': /session/32e30c81a27bca4cfc6d9ec4c27396fd
2025-06-03 14:20:13,210 - INFO - 浏览器已关闭
2025-06-03 14:21:10,527 - INFO - 20250501: 应有33篇, 已爬33篇, 遗漏0篇
2025-06-03 14:21:10,527 - INFO - 20250507: 应有31篇, 已爬19篇, 遗漏12篇
2025-06-03 14:21:10,528 - INFO - 20250508: 应有43篇, 已爬10篇, 遗漏33篇
2025-06-03 14:21:10,528 - INFO - 20250509: 应有24篇, 已爬10篇, 遗漏14篇
2025-06-03 14:21:10,528 - INFO - 20250512: 应有29篇, 已爬10篇, 遗漏19篇
2025-06-03 14:21:10,529 - INFO - 20250513: 应有42篇, 已爬10篇, 遗漏32篇
2025-06-03 14:21:10,529 - INFO - 20250514: 应有31篇, 已爬10篇, 遗漏21篇
2025-06-03 14:21:10,529 - INFO - 20250515: 应有37篇, 已爬10篇, 遗漏27篇
2025-06-03 14:21:10,530 - INFO - 20250517: 应有89篇, 已爬10篇, 遗漏79篇
2025-06-03 14:21:10,530 - INFO - 20250519: 应有38篇, 已爬10篇, 遗漏28篇
2025-06-03 14:21:10,530 - INFO - 20250520: 应有23篇, 已爬10篇, 遗漏13篇
2025-06-03 14:21:10,531 - INFO - 20250521: 应有22篇, 已爬7篇, 遗漏15篇
2025-06-03 14:21:10,531 - INFO - 20250522: 应有47篇, 已爬0篇, 遗漏47篇
2025-06-03 14:21:10,531 - INFO - 20250523: 应有26篇, 已爬0篇, 遗漏26篇
2025-06-03 14:21:10,532 - INFO - 20250526: 应有27篇, 已爬0篇, 遗漏27篇
2025-06-03 14:21:10,532 - INFO - 20250527: 应有43篇, 已爬0篇, 遗漏43篇
2025-06-03 14:21:10,532 - INFO - 20250528: 应有20篇, 已爬0篇, 遗漏20篇
2025-06-03 14:21:10,533 - INFO - 20250529: 应有41篇, 已爬0篇, 遗漏41篇
2025-06-03 14:21:10,533 - INFO - 20250530: 应有24篇, 已爬0篇, 遗漏24篇
2025-06-03 14:21:10,533 - INFO - 20250603: 应有53篇, 已爬0篇, 遗漏53篇
2025-06-03 14:21:17,589 - INFO - ====== WebDriver manager ======
2025-06-03 14:21:21,720 - INFO - Get LATEST chromedriver version for google-chrome
2025-06-03 14:21:22,846 - INFO - Get LATEST chromedriver version for google-chrome
2025-06-03 14:21:24,042 - INFO - Driver [/Users/dragonzhang/.wdm/drivers/chromedriver/mac64/137.0.7151.68/chromedriver-mac-arm64/chromedriver] found in cache
2025-06-03 14:21:26,806 - INFO - Chrome WebDriver 初始化成功
2025-06-03 14:21:26,814 - INFO - 开始补充爬取 20250507 的遗漏文章
2025-06-03 14:21:26,815 - INFO - 开始爬取 20250507 的文章 (从第 1 篇开始)
2025-06-03 14:21:26,816 - INFO - 文章已存在且有效，跳过: articles/20250507/20250507_001_01_1553.json
2025-06-03 14:21:26,816 - INFO - 文章已存在且有效，跳过: articles/20250507/20250507_001_02_4270.json
2025-06-03 14:21:26,816 - INFO - 文章已存在且有效，跳过: articles/20250507/20250507_001_03_5982.json
2025-06-03 14:21:26,817 - INFO - 文章已存在且有效，跳过: articles/20250507/20250507_001_04_991.json
2025-06-03 14:21:26,817 - INFO - 文章已存在且有效，跳过: articles/20250507/20250507_001_05_279.json
2025-06-03 14:21:26,818 - INFO - 文章已存在且有效，跳过: articles/20250507/20250507_001_06_9898.json
2025-06-03 14:21:26,819 - INFO - 文章已存在且有效，跳过: articles/20250507/20250507_001_07_6199.json
2025-06-03 14:21:26,820 - INFO - 文章已存在且有效，跳过: articles/20250507/20250507_001_08_6036.json
2025-06-03 14:21:26,821 - INFO - 文章已存在且有效，跳过: articles/20250507/20250507_002_01_8448.json
2025-06-03 14:21:26,822 - INFO - 文章已存在且有效，跳过: articles/20250507/20250507_002_02_685.json
2025-06-03 14:21:26,823 - INFO - 文章已存在且有效，跳过: articles/20250507/20250507_002_03_3419.json
2025-06-03 14:21:26,823 - INFO - 文章已存在且有效，跳过: articles/20250507/20250507_002_04_2049.json
2025-06-03 14:21:26,823 - INFO - 文章已存在且有效，跳过: articles/20250507/20250507_002_05_8850.json
2025-06-03 14:21:26,824 - INFO - 文章已存在且有效，跳过: articles/20250507/20250507_002_06_5383.json
2025-06-03 14:21:26,824 - INFO - 文章已存在且有效，跳过: articles/20250507/20250507_002_07_644.json
2025-06-03 14:21:26,824 - INFO - 文章已存在且有效，跳过: articles/20250507/20250507_003_01_8822.json
2025-06-03 14:21:26,825 - INFO - 文章已存在且有效，跳过: articles/20250507/20250507_003_02_7028.json
2025-06-03 14:21:26,825 - INFO - 文章已存在且有效，跳过: articles/20250507/20250507_003_03_9870.json
2025-06-03 14:21:26,825 - INFO - 文章已存在且有效，跳过: articles/20250507/20250507_003_04_6325.json
2025-06-03 14:21:26,825 - INFO - 正在爬取文章: 福建移动落地5G-A4CC方案 - https://rmydb.cnii.com.cn/html/2025/20250507/20250507_003/20250507_003_05_8148.html
2025-06-03 14:21:26,826 - INFO - 正在访问: https://rmydb.cnii.com.cn/html/2025/20250507/20250507_003/20250507_003_05_8148.html (尝试 1/3)
2025-06-03 14:21:26,826 - INFO - 等待 3.6 秒 (请求数: 1)
2025-06-03 14:21:34,766 - INFO - 文章已保存: articles/20250507/20250507_003_05_8148.json
2025-06-03 14:21:34,767 - INFO - 正在爬取文章: 北京移动启动千个社区万兆网络覆盖工程 - https://rmydb.cnii.com.cn/html/2025/20250507/20250507_003/20250507_003_06_5271.html
2025-06-03 14:21:34,767 - INFO - 正在访问: https://rmydb.cnii.com.cn/html/2025/20250507/20250507_003/20250507_003_06_5271.html (尝试 1/3)
2025-06-03 14:21:34,767 - INFO - 等待 4.2 秒 (请求数: 2)
2025-06-03 14:21:44,754 - INFO - 文章已保存: articles/20250507/20250507_003_06_5271.json
2025-06-03 14:21:44,755 - INFO - 正在爬取文章: 湖北移动云电脑助力基层医疗机构提质增效 - https://rmydb.cnii.com.cn/html/2025/20250507/20250507_003/20250507_003_07_8048.html
2025-06-03 14:21:44,755 - INFO - 正在访问: https://rmydb.cnii.com.cn/html/2025/20250507/20250507_003/20250507_003_07_8048.html (尝试 1/3)
2025-06-03 14:21:44,755 - INFO - 等待 2.2 秒 (请求数: 3)
2025-06-03 14:21:53,715 - INFO - 文章已保存: articles/20250507/20250507_003_07_8048.json
2025-06-03 14:21:53,715 - INFO - 正在爬取文章: 廊坊联通打造长效管护平台赋能农村厕所革命 - https://rmydb.cnii.com.cn/html/2025/20250507/20250507_003/20250507_003_08_4124.html
2025-06-03 14:21:53,715 - INFO - 正在访问: https://rmydb.cnii.com.cn/html/2025/20250507/20250507_003/20250507_003_08_4124.html (尝试 1/3)
2025-06-03 14:21:53,715 - INFO - 等待 5.0 秒 (请求数: 4)
2025-06-03 14:22:04,519 - INFO - 文章已保存: articles/20250507/20250507_003_08_4124.json
2025-06-03 14:22:04,519 - INFO - 正在爬取文章: 联通“搭桥人”用真心跑出业务“加速度” - https://rmydb.cnii.com.cn/html/2025/20250507/20250507_004/20250507_004_01_7103.html
2025-06-03 14:22:04,519 - INFO - 正在访问: https://rmydb.cnii.com.cn/html/2025/20250507/20250507_004/20250507_004_01_7103.html (尝试 1/3)
2025-06-03 14:22:04,519 - INFO - 等待 3.6 秒 (请求数: 5)
2025-06-03 14:22:13,743 - INFO - 文章已保存: articles/20250507/20250507_004_01_7103.json
2025-06-03 14:22:13,743 - INFO - 正在爬取文章: 江苏沭阳电信营业厅里话保密（图片） - https://rmydb.cnii.com.cn/html/2025/20250507/20250507_004/20250507_004_02_4319.html
2025-06-03 14:22:13,743 - INFO - 正在访问: https://rmydb.cnii.com.cn/html/2025/20250507/20250507_004/20250507_004_02_4319.html (尝试 1/3)
2025-06-03 14:22:13,743 - INFO - 等待 4.3 秒 (请求数: 6)
2025-06-03 14:22:26,033 - INFO - 文章已保存: articles/20250507/20250507_004_02_4319.json
2025-06-03 14:22:26,034 - INFO - 正在爬取文章: 山东移动打造全省首家爱心助残营业厅 - https://rmydb.cnii.com.cn/html/2025/20250507/20250507_004/20250507_004_03_2233.html
2025-06-03 14:22:26,034 - INFO - 正在访问: https://rmydb.cnii.com.cn/html/2025/20250507/20250507_004/20250507_004_03_2233.html (尝试 1/3)
2025-06-03 14:22:26,034 - INFO - 等待 2.8 秒 (请求数: 7)
2025-06-03 14:22:33,737 - INFO - 文章已保存: articles/20250507/20250507_004_03_2233.json
2025-06-03 14:22:33,738 - INFO - 正在爬取文章: 阜阳铁塔多元暖“新”举措服务新就业群体 - https://rmydb.cnii.com.cn/html/2025/20250507/20250507_004/20250507_004_04_7202.html
2025-06-03 14:22:33,738 - INFO - 正在访问: https://rmydb.cnii.com.cn/html/2025/20250507/20250507_004/20250507_004_04_7202.html (尝试 1/3)
2025-06-03 14:22:33,738 - INFO - 等待 4.2 秒 (请求数: 8)
2025-06-03 14:22:42,905 - INFO - 文章已保存: articles/20250507/20250507_004_04_7202.json
2025-06-03 14:22:42,905 - INFO - 正在爬取文章: 生活“数智路”越走越宽 - https://rmydb.cnii.com.cn/html/2025/20250507/20250507_004/20250507_004_05_6938.html
2025-06-03 14:22:42,905 - INFO - 正在访问: https://rmydb.cnii.com.cn/html/2025/20250507/20250507_004/20250507_004_05_6938.html (尝试 1/3)
2025-06-03 14:22:42,905 - INFO - 等待 3.8 秒 (请求数: 9)
2025-06-03 14:22:54,083 - INFO - 文章已保存: articles/20250507/20250507_004_05_6938.json
2025-06-03 14:22:54,085 - INFO - 正在爬取文章: 在看不清的世界里做你的眼睛 - https://rmydb.cnii.com.cn/html/2025/20250507/20250507_004/20250507_004_06_4364.html
2025-06-03 14:22:54,085 - INFO - 正在访问: https://rmydb.cnii.com.cn/html/2025/20250507/20250507_004/20250507_004_06_4364.html (尝试 1/3)
2025-06-03 14:22:54,085 - INFO - 等待 6.6 秒 (请求数: 10)
2025-06-03 14:23:05,784 - WARNING - 检测到错误页面标题: 491 Forbidden
2025-06-03 14:23:05,785 - INFO - 等待更长时间后重试...
2025-06-03 14:23:39,794 - INFO - 正在访问: https://rmydb.cnii.com.cn/html/2025/20250507/20250507_004/20250507_004_06_4364.html (尝试 2/3)
2025-06-03 14:23:39,822 - INFO - 等待 5.6 秒 (请求数: 11)
2025-06-03 14:23:51,904 - WARNING - 检测到错误页面标题: 491 Forbidden
2025-06-03 14:23:51,919 - INFO - 等待更长时间后重试...
2025-06-03 14:24:29,607 - INFO - 正在访问: https://rmydb.cnii.com.cn/html/2025/20250507/20250507_004/20250507_004_06_4364.html (尝试 3/3)
2025-06-03 14:24:29,724 - INFO - 等待 6.9 秒 (请求数: 12)
2025-06-03 14:24:44,945 - WARNING - 检测到错误页面标题: 491 Forbidden
2025-06-03 14:24:45,003 - INFO - 文章已保存: articles/20250507/20250507_004_06_4364.json
2025-06-03 14:24:45,009 - INFO - 正在爬取文章: 呼和浩特移动以AI重构政务服务“智”高点 - https://rmydb.cnii.com.cn/html/2025/20250507/20250507_004/20250507_004_07_7017.html
2025-06-03 14:24:45,009 - INFO - 正在访问: https://rmydb.cnii.com.cn/html/2025/20250507/20250507_004/20250507_004_07_7017.html (尝试 1/3)
2025-06-03 14:24:45,013 - INFO - 等待 7.0 秒 (请求数: 13)
2025-06-03 14:24:57,244 - WARNING - 检测到错误页面标题: 491 Forbidden
2025-06-03 14:24:57,244 - INFO - 等待更长时间后重试...
2025-06-03 14:25:48,536 - INFO - 正在访问: https://rmydb.cnii.com.cn/html/2025/20250507/20250507_004/20250507_004_07_7017.html (尝试 2/3)
2025-06-03 14:25:48,545 - INFO - 等待 8.3 秒 (请求数: 14)
2025-06-03 14:26:02,267 - WARNING - 检测到错误页面标题: 491 Forbidden
2025-06-03 14:26:02,268 - INFO - 等待更长时间后重试...
2025-06-03 14:26:38,647 - INFO - 正在访问: https://rmydb.cnii.com.cn/html/2025/20250507/20250507_004/20250507_004_07_7017.html (尝试 3/3)
2025-06-03 14:26:38,659 - INFO - 等待 9.3 秒 (请求数: 15)
2025-06-03 14:26:51,669 - WARNING - 检测到错误页面标题: 491 Forbidden
2025-06-03 14:26:51,689 - INFO - 文章已保存: articles/20250507/20250507_004_07_7017.json
2025-06-03 14:26:51,690 - INFO - 正在爬取文章: 荆州联通“客户日”走进社区绘就安全智慧新图景 - https://rmydb.cnii.com.cn/html/2025/20250507/20250507_004/20250507_004_08_3249.html
2025-06-03 14:26:51,690 - INFO - 正在访问: https://rmydb.cnii.com.cn/html/2025/20250507/20250507_004/20250507_004_08_3249.html (尝试 1/3)
2025-06-03 14:26:51,690 - INFO - 等待 8.5 秒 (请求数: 16)
2025-06-03 14:27:06,136 - WARNING - 检测到错误页面标题: 491 Forbidden
2025-06-03 14:27:06,136 - INFO - 等待更长时间后重试...
2025-06-03 14:27:51,622 - INFO - 正在访问: https://rmydb.cnii.com.cn/html/2025/20250507/20250507_004/20250507_004_08_3249.html (尝试 2/3)
2025-06-03 14:27:51,698 - INFO - 等待 9.9 秒 (请求数: 17)
2025-06-03 14:28:11,594 - INFO - 文章已保存: articles/20250507/20250507_004_08_3249.json
2025-06-03 14:28:11,607 - INFO - 20250507 爬取完成: 成功 31/31
2025-06-03 14:28:11,612 - INFO - 20250507 补充爬取完成: 31/31
2025-06-03 14:28:11,613 - INFO - 开始补充爬取 20250508 的遗漏文章
2025-06-03 14:28:11,636 - INFO - 开始爬取 20250508 的文章 (从第 1 篇开始)
2025-06-03 14:28:11,639 - INFO - 文章已存在且有效，跳过: articles/20250508/20250508_001_01_594.json
2025-06-03 14:28:11,681 - INFO - 文章已存在且有效，跳过: articles/20250508/20250508_001_02_9222.json
2025-06-03 14:28:11,715 - INFO - 文章已存在且有效，跳过: articles/20250508/20250508_001_03_8487.json
2025-06-03 14:28:11,734 - INFO - 文章已存在且有效，跳过: articles/20250508/20250508_001_04_5731.json
2025-06-03 14:28:11,752 - INFO - 文章已存在且有效，跳过: articles/20250508/20250508_001_05_9722.json
2025-06-03 14:28:11,773 - INFO - 文章已存在且有效，跳过: articles/20250508/20250508_001_06_400.json
2025-06-03 14:28:11,821 - INFO - 文章已存在且有效，跳过: articles/20250508/20250508_001_07_9540.json
2025-06-03 14:28:11,913 - INFO - 文章已存在且有效，跳过: articles/20250508/20250508_002_01_79.json
2025-06-03 14:28:11,928 - INFO - 文章已存在且有效，跳过: articles/20250508/20250508_002_02_6066.json
2025-06-03 14:28:11,943 - INFO - 文章已存在且有效，跳过: articles/20250508/20250508_002_03_5548.json
2025-06-03 14:28:11,945 - INFO - 正在爬取文章: 重庆荣昌电信全方位保障卤鹅专场直播 - https://rmydb.cnii.com.cn/html/2025/20250508/20250508_002/20250508_002_04_9560.html
2025-06-03 14:28:11,946 - INFO - 正在访问: https://rmydb.cnii.com.cn/html/2025/20250508/20250508_002/20250508_002_04_9560.html (尝试 1/3)
2025-06-03 14:28:11,951 - INFO - 等待 7.6 秒 (请求数: 18)
2025-06-03 14:28:25,774 - WARNING - 检测到错误页面标题: 491 Forbidden
2025-06-03 14:28:25,799 - INFO - 等待更长时间后重试...
2025-06-03 14:28:59,977 - INFO - 正在访问: https://rmydb.cnii.com.cn/html/2025/20250508/20250508_002/20250508_002_04_9560.html (尝试 2/3)
2025-06-03 14:28:59,992 - INFO - 等待 10.0 秒 (请求数: 19)
2025-06-03 14:29:16,064 - WARNING - 检测到错误页面标题: 491 Forbidden
2025-06-03 14:29:16,068 - INFO - 等待更长时间后重试...
2025-06-03 14:29:40,116 - WARNING - Retrying (Retry(total=2, connect=None, read=None, redirect=None, status=None)) after connection broken by 'NewConnectionError('<urllib3.connection.HTTPConnection object at 0x106118eb0>: Failed to establish a new connection: [Errno 61] Connection refused')': /session/6eb8ce32877f75ef11564f818fb502a7
2025-06-03 14:29:40,131 - WARNING - Retrying (Retry(total=1, connect=None, read=None, redirect=None, status=None)) after connection broken by 'NewConnectionError('<urllib3.connection.HTTPConnection object at 0x1065f04c0>: Failed to establish a new connection: [Errno 61] Connection refused')': /session/6eb8ce32877f75ef11564f818fb502a7
2025-06-03 14:29:40,142 - WARNING - Retrying (Retry(total=0, connect=None, read=None, redirect=None, status=None)) after connection broken by 'NewConnectionError('<urllib3.connection.HTTPConnection object at 0x1065f06d0>: Failed to establish a new connection: [Errno 61] Connection refused')': /session/6eb8ce32877f75ef11564f818fb502a7
2025-06-03 14:29:40,160 - INFO - 浏览器已关闭
2025-06-03 14:43:42,050 - INFO - 20250501: 应有33篇, 已爬33篇, 遗漏0篇
2025-06-03 14:43:42,051 - INFO - 20250507: 应有31篇, 已爬31篇, 遗漏0篇
2025-06-03 14:43:42,052 - INFO - 20250508: 应有43篇, 已爬10篇, 遗漏33篇
2025-06-03 14:43:42,052 - INFO - 20250509: 应有24篇, 已爬10篇, 遗漏14篇
2025-06-03 14:43:42,053 - INFO - 20250512: 应有29篇, 已爬10篇, 遗漏19篇
2025-06-03 14:43:42,053 - INFO - 20250513: 应有42篇, 已爬10篇, 遗漏32篇
2025-06-03 14:43:42,054 - INFO - 20250514: 应有31篇, 已爬10篇, 遗漏21篇
2025-06-03 14:43:42,054 - INFO - 20250515: 应有37篇, 已爬10篇, 遗漏27篇
2025-06-03 14:43:42,055 - INFO - 20250517: 应有89篇, 已爬10篇, 遗漏79篇
2025-06-03 14:43:42,056 - INFO - 20250519: 应有38篇, 已爬10篇, 遗漏28篇
2025-06-03 14:43:42,056 - INFO - 20250520: 应有23篇, 已爬10篇, 遗漏13篇
2025-06-03 14:43:42,057 - INFO - 20250521: 应有22篇, 已爬7篇, 遗漏15篇
2025-06-03 14:43:42,057 - INFO - 20250522: 应有47篇, 已爬0篇, 遗漏47篇
2025-06-03 14:43:42,057 - INFO - 20250523: 应有26篇, 已爬0篇, 遗漏26篇
2025-06-03 14:43:42,057 - INFO - 20250526: 应有27篇, 已爬0篇, 遗漏27篇
2025-06-03 14:43:42,058 - INFO - 20250527: 应有43篇, 已爬0篇, 遗漏43篇
2025-06-03 14:43:42,059 - INFO - 20250528: 应有20篇, 已爬0篇, 遗漏20篇
2025-06-03 14:43:42,060 - INFO - 20250529: 应有41篇, 已爬0篇, 遗漏41篇
2025-06-03 14:43:42,060 - INFO - 20250530: 应有24篇, 已爬0篇, 遗漏24篇
2025-06-03 14:43:42,061 - INFO - 20250603: 应有53篇, 已爬0篇, 遗漏53篇
2025-06-03 14:43:52,130 - INFO - ====== WebDriver manager ======
2025-06-03 14:43:52,695 - INFO - Get LATEST chromedriver version for google-chrome
2025-06-03 14:43:53,955 - INFO - Get LATEST chromedriver version for google-chrome
2025-06-03 14:43:55,209 - INFO - Driver [/Users/dragonzhang/.wdm/drivers/chromedriver/mac64/137.0.7151.68/chromedriver-mac-arm64/chromedriver] found in cache
2025-06-03 14:43:58,342 - INFO - Chrome WebDriver 初始化成功
2025-06-03 14:43:58,343 - INFO - 开始补充爬取 20250508 的遗漏文章
2025-06-03 14:43:58,344 - INFO - 开始爬取 20250508 的文章 (从第 1 篇开始)
2025-06-03 14:43:58,345 - INFO - 文章已存在且有效，跳过: articles/20250508/20250508_001_01_594.json
2025-06-03 14:43:58,346 - INFO - 文章已存在且有效，跳过: articles/20250508/20250508_001_02_9222.json
2025-06-03 14:43:58,347 - INFO - 文章已存在且有效，跳过: articles/20250508/20250508_001_03_8487.json
2025-06-03 14:43:58,349 - INFO - 文章已存在且有效，跳过: articles/20250508/20250508_001_04_5731.json
2025-06-03 14:43:58,352 - INFO - 文章已存在且有效，跳过: articles/20250508/20250508_001_05_9722.json
2025-06-03 14:43:58,354 - INFO - 文章已存在且有效，跳过: articles/20250508/20250508_001_06_400.json
2025-06-03 14:43:58,355 - INFO - 文章已存在且有效，跳过: articles/20250508/20250508_001_07_9540.json
2025-06-03 14:43:58,356 - INFO - 文章已存在且有效，跳过: articles/20250508/20250508_002_01_79.json
2025-06-03 14:43:58,356 - INFO - 文章已存在且有效，跳过: articles/20250508/20250508_002_02_6066.json
2025-06-03 14:43:58,357 - INFO - 文章已存在且有效，跳过: articles/20250508/20250508_002_03_5548.json
2025-06-03 14:43:58,357 - INFO - 正在爬取文章: 重庆荣昌电信全方位保障卤鹅专场直播 - https://rmydb.cnii.com.cn/html/2025/20250508/20250508_002/20250508_002_04_9560.html
2025-06-03 14:43:58,357 - INFO - 正在访问: https://rmydb.cnii.com.cn/html/2025/20250508/20250508_002/20250508_002_04_9560.html (尝试 1/3)
2025-06-03 14:43:58,359 - INFO - 等待 4.7 秒 (请求数: 1)
2025-06-03 14:44:11,774 - INFO - 文章已保存: articles/20250508/20250508_002_04_9560.json
2025-06-03 14:44:11,775 - INFO - 正在爬取文章: 盐城联通为黄海湿地博物馆打造AI展示系统 - https://rmydb.cnii.com.cn/html/2025/20250508/20250508_002/20250508_002_05_5704.html
2025-06-03 14:44:11,775 - INFO - 正在访问: https://rmydb.cnii.com.cn/html/2025/20250508/20250508_002/20250508_002_05_5704.html (尝试 1/3)
2025-06-03 14:44:11,776 - INFO - 等待 4.2 秒 (请求数: 2)
2025-06-03 14:44:20,691 - INFO - 文章已保存: articles/20250508/20250508_002_05_5704.json
2025-06-03 14:44:20,691 - INFO - 正在爬取文章: 临沂铁塔“信号升格”赋能文旅新场景 - https://rmydb.cnii.com.cn/html/2025/20250508/20250508_002/20250508_002_06_3891.html
2025-06-03 14:44:20,691 - INFO - 正在访问: https://rmydb.cnii.com.cn/html/2025/20250508/20250508_002/20250508_002_06_3891.html (尝试 1/3)
2025-06-03 14:44:20,691 - INFO - 等待 3.7 秒 (请求数: 3)
2025-06-03 14:44:30,269 - INFO - 文章已保存: articles/20250508/20250508_002_06_3891.json
2025-06-03 14:44:30,270 - INFO - 正在爬取文章: 实数融合路上的弄潮儿（附图片） - https://rmydb.cnii.com.cn/html/2025/20250508/20250508_003/20250508_003_01_5192.html
2025-06-03 14:44:30,270 - INFO - 正在访问: https://rmydb.cnii.com.cn/html/2025/20250508/20250508_003/20250508_003_01_5192.html (尝试 1/3)
2025-06-03 14:44:30,270 - INFO - 等待 3.6 秒 (请求数: 4)
2025-06-03 14:44:39,325 - INFO - 文章已保存: articles/20250508/20250508_003_01_5192.json
2025-06-03 14:44:39,325 - INFO - 正在爬取文章: 铸就通信梦的无线网络工匠（附图片） - https://rmydb.cnii.com.cn/html/2025/20250508/20250508_003/20250508_003_02_5687.html
2025-06-03 14:44:39,325 - INFO - 正在访问: https://rmydb.cnii.com.cn/html/2025/20250508/20250508_003/20250508_003_02_5687.html (尝试 1/3)
2025-06-03 14:44:39,325 - INFO - 等待 3.5 秒 (请求数: 5)
2025-06-03 14:44:50,163 - INFO - 文章已保存: articles/20250508/20250508_003_02_5687.json
2025-06-03 14:44:50,165 - INFO - 正在爬取文章: 追逐核心科技自立自强的建云者（附图片） - https://rmydb.cnii.com.cn/html/2025/20250508/20250508_003/20250508_003_03_6193.html
2025-06-03 14:44:50,165 - INFO - 正在访问: https://rmydb.cnii.com.cn/html/2025/20250508/20250508_003/20250508_003_03_6193.html (尝试 1/3)
2025-06-03 14:44:50,165 - INFO - 等待 4.5 秒 (请求数: 6)
2025-06-03 14:45:00,989 - INFO - 文章已保存: articles/20250508/20250508_003_03_6193.json
2025-06-03 14:45:00,989 - INFO - 正在爬取文章: 福建移动以数智之笔勾皴数字山海画卷（附图片） - https://rmydb.cnii.com.cn/html/2025/20250508/20250508_004/20250508_004_01_3114.html
2025-06-03 14:45:00,989 - INFO - 正在访问: https://rmydb.cnii.com.cn/html/2025/20250508/20250508_004/20250508_004_01_3114.html (尝试 1/3)
2025-06-03 14:45:00,990 - INFO - 等待 4.1 秒 (请求数: 7)
2025-06-03 14:45:13,904 - INFO - 文章已保存: articles/20250508/20250508_004_01_3114.json
2025-06-03 14:45:13,905 - INFO - 正在爬取文章: “硬核”保障护航假日网络需求 - https://rmydb.cnii.com.cn/html/2025/20250508/20250508_004/20250508_004_02_3821.html
2025-06-03 14:45:13,905 - INFO - 正在访问: https://rmydb.cnii.com.cn/html/2025/20250508/20250508_004/20250508_004_02_3821.html (尝试 1/3)
2025-06-03 14:45:13,905 - INFO - 等待 4.8 秒 (请求数: 8)
2025-06-03 14:45:23,716 - INFO - 文章已保存: articles/20250508/20250508_004_02_3821.json
2025-06-03 14:45:23,717 - INFO - 正在爬取文章: “千里眼”守护校园舌尖安全 - https://rmydb.cnii.com.cn/html/2025/20250508/20250508_004/20250508_004_03_5513.html
2025-06-03 14:45:23,717 - INFO - 正在访问: https://rmydb.cnii.com.cn/html/2025/20250508/20250508_004/20250508_004_03_5513.html (尝试 1/3)
2025-06-03 14:45:23,718 - INFO - 等待 4.1 秒 (请求数: 9)
2025-06-03 14:45:33,547 - INFO - 文章已保存: articles/20250508/20250508_004_03_5513.json
2025-06-03 14:45:33,548 - INFO - 正在爬取文章: 5G绘就乡村振兴“梅”好图景 - https://rmydb.cnii.com.cn/html/2025/20250508/20250508_004/20250508_004_04_7511.html
2025-06-03 14:45:33,548 - INFO - 正在访问: https://rmydb.cnii.com.cn/html/2025/20250508/20250508_004/20250508_004_04_7511.html (尝试 1/3)
2025-06-03 14:45:33,548 - INFO - 等待 6.8 秒 (请求数: 10)
2025-06-03 14:45:49,814 - INFO - 文章已保存: articles/20250508/20250508_004_04_7511.json
2025-06-03 14:45:49,814 - INFO - 正在爬取文章: 图片新闻 - https://rmydb.cnii.com.cn/html/2025/20250508/20250508_004/20250508_004_05_251.html
2025-06-03 14:45:49,814 - INFO - 正在访问: https://rmydb.cnii.com.cn/html/2025/20250508/20250508_004/20250508_004_05_251.html (尝试 1/3)
2025-06-03 14:45:49,814 - INFO - 等待 7.8 秒 (请求数: 11)
2025-06-03 14:46:04,747 - INFO - 文章已保存: articles/20250508/20250508_004_05_251.json
2025-06-03 14:46:04,773 - INFO - 正在爬取文章: 具身智能开启人机共生的马拉松征程（附图片） - https://rmydb.cnii.com.cn/html/2025/20250508/20250508_005/20250508_005_01_4678.html
2025-06-03 14:46:04,774 - INFO - 正在访问: https://rmydb.cnii.com.cn/html/2025/20250508/20250508_005/20250508_005_01_4678.html (尝试 1/3)
2025-06-03 14:46:04,783 - INFO - 等待 8.1 秒 (请求数: 12)
2025-06-03 14:46:18,094 - INFO - 文章已保存: articles/20250508/20250508_005_01_4678.json
2025-06-03 14:46:18,095 - INFO - 正在爬取文章: 十部门：加强无人机、无人车等推广应用 - https://rmydb.cnii.com.cn/html/2025/20250508/20250508_005/20250508_005_02_5981.html
2025-06-03 14:46:18,095 - INFO - 正在访问: https://rmydb.cnii.com.cn/html/2025/20250508/20250508_005/20250508_005_02_5981.html (尝试 1/3)
2025-06-03 14:46:18,095 - INFO - 等待 6.5 秒 (请求数: 13)
2025-06-03 14:46:32,127 - INFO - 文章已保存: articles/20250508/20250508_005_02_5981.json
2025-06-03 14:46:32,136 - INFO - 正在爬取文章: 烽火通信泰国瑞森光纤基地一期投产 - https://rmydb.cnii.com.cn/html/2025/20250508/20250508_005/20250508_005_03_1352.html
2025-06-03 14:46:32,136 - INFO - 正在访问: https://rmydb.cnii.com.cn/html/2025/20250508/20250508_005/20250508_005_03_1352.html (尝试 1/3)
2025-06-03 14:46:32,136 - INFO - 等待 8.3 秒 (请求数: 14)
2025-06-03 14:46:45,415 - INFO - 文章已保存: articles/20250508/20250508_005_03_1352.json
2025-06-03 14:46:45,415 - INFO - 正在爬取文章: AI算力驱动产品创新　技术突围布局全球 - https://rmydb.cnii.com.cn/html/2025/20250508/20250508_005/20250508_005_04_7652.html
2025-06-03 14:46:45,415 - INFO - 正在访问: https://rmydb.cnii.com.cn/html/2025/20250508/20250508_005/20250508_005_04_7652.html (尝试 1/3)
2025-06-03 14:46:45,415 - INFO - 等待 6.8 秒 (请求数: 15)
2025-06-03 14:46:57,303 - INFO - 文章已保存: articles/20250508/20250508_005_04_7652.json
2025-06-03 14:46:57,312 - INFO - 正在爬取文章: 聚焦1ms城市算网　构建算力新基座（附图片） - https://rmydb.cnii.com.cn/html/2025/20250508/20250508_006/20250508_006_01_3386.html
2025-06-03 14:46:57,312 - INFO - 正在访问: https://rmydb.cnii.com.cn/html/2025/20250508/20250508_006/20250508_006_01_3386.html (尝试 1/3)
2025-06-03 14:46:57,316 - INFO - 等待 5.9 秒 (请求数: 16)
2025-06-03 14:47:11,039 - INFO - 文章已保存: articles/20250508/20250508_006_01_3386.json
2025-06-03 14:47:11,041 - INFO - 正在爬取文章: 华为发布AI数据湖解决方案　推动行业智能化加速迈进 - https://rmydb.cnii.com.cn/html/2025/20250508/20250508_006/20250508_006_02_5475.html
2025-06-03 14:47:11,042 - INFO - 正在访问: https://rmydb.cnii.com.cn/html/2025/20250508/20250508_006/20250508_006_02_5475.html (尝试 1/3)
2025-06-03 14:47:11,042 - INFO - 等待 6.4 秒 (请求数: 17)
2025-06-03 14:47:24,156 - INFO - 文章已保存: articles/20250508/20250508_006_02_5475.json
2025-06-03 14:47:24,166 - INFO - 正在爬取文章: 百度发布文心大模型4.5 Turbo、X1 Turbo（附图片） - https://rmydb.cnii.com.cn/html/2025/20250508/20250508_006/20250508_006_03_2080.html
2025-06-03 14:47:24,166 - INFO - 正在访问: https://rmydb.cnii.com.cn/html/2025/20250508/20250508_006/20250508_006_03_2080.html (尝试 1/3)
2025-06-03 14:47:24,173 - INFO - 等待 9.1 秒 (请求数: 18)
2025-06-03 14:47:42,224 - INFO - 文章已保存: articles/20250508/20250508_006_03_2080.json
2025-06-03 14:47:42,226 - INFO - 正在爬取文章: 首个云超算国标正式发布 - https://rmydb.cnii.com.cn/html/2025/20250508/20250508_006/20250508_006_04_8647.html
2025-06-03 14:47:42,226 - INFO - 正在访问: https://rmydb.cnii.com.cn/html/2025/20250508/20250508_006/20250508_006_04_8647.html (尝试 1/3)
2025-06-03 14:47:42,226 - INFO - 等待 5.1 秒 (请求数: 19)
2025-06-03 14:47:55,654 - INFO - 文章已保存: articles/20250508/20250508_006_04_8647.json
2025-06-03 14:47:55,655 - INFO - 正在爬取文章: 努比亚发布手机和平板电脑AI双旗舰（附图片） - https://rmydb.cnii.com.cn/html/2025/20250508/20250508_006/20250508_006_05_2612.html
2025-06-03 14:47:55,655 - INFO - 正在访问: https://rmydb.cnii.com.cn/html/2025/20250508/20250508_006/20250508_006_05_2612.html (尝试 1/3)
2025-06-03 14:47:55,655 - INFO - 等待 8.7 秒 (请求数: 20)
2025-06-03 14:48:11,065 - INFO - 文章已保存: articles/20250508/20250508_006_05_2612.json
2025-06-03 14:48:11,066 - INFO - 正在爬取文章: 卫星互联网低轨03组卫星成功发射（附图片） - https://rmydb.cnii.com.cn/html/2025/20250508/20250508_007/20250508_007_01_312.html
2025-06-03 14:48:11,066 - INFO - 正在访问: https://rmydb.cnii.com.cn/html/2025/20250508/20250508_007/20250508_007_01_312.html (尝试 1/3)
2025-06-03 14:48:11,066 - INFO - 等待 6.7 秒 (请求数: 21)
2025-06-03 14:48:23,846 - INFO - 文章已保存: articles/20250508/20250508_007_01_312.json
2025-06-03 14:48:23,847 - INFO - 正在爬取文章: 首颗低倾角轨道降水测量卫星正式运行一周年（附图片） - https://rmydb.cnii.com.cn/html/2025/20250508/20250508_007/20250508_007_02_6927.html
2025-06-03 14:48:23,847 - INFO - 正在访问: https://rmydb.cnii.com.cn/html/2025/20250508/20250508_007/20250508_007_02_6927.html (尝试 1/3)
2025-06-03 14:48:23,847 - INFO - 等待 5.6 秒 (请求数: 22)
2025-06-03 14:48:33,034 - WARNING - 检测到错误页面标题: 491 Forbidden
2025-06-03 14:48:33,035 - INFO - 等待更长时间后重试...
2025-06-03 14:49:24,260 - INFO - 正在访问: https://rmydb.cnii.com.cn/html/2025/20250508/20250508_007/20250508_007_02_6927.html (尝试 2/3)
2025-06-03 14:49:24,266 - INFO - 等待 8.8 秒 (请求数: 23)
2025-06-03 14:49:38,965 - WARNING - 检测到错误页面标题: 491 Forbidden
2025-06-03 14:49:38,966 - INFO - 等待更长时间后重试...
2025-06-03 14:50:16,973 - INFO - 正在访问: https://rmydb.cnii.com.cn/html/2025/20250508/20250508_007/20250508_007_02_6927.html (尝试 3/3)
2025-06-03 14:50:16,982 - INFO - 等待 9.7 秒 (请求数: 24)
2025-06-03 14:50:31,140 - WARNING - 检测到错误页面标题: 491 Forbidden
2025-06-03 14:50:31,181 - INFO - 文章已保存: articles/20250508/20250508_007_02_6927.json
2025-06-03 14:50:31,186 - INFO - 正在爬取文章: 内蒙古工信厅完成飞船返回无线电安全保障任务（附图片） - https://rmydb.cnii.com.cn/html/2025/20250508/20250508_007/20250508_007_03_3052.html
2025-06-03 14:50:31,186 - INFO - 正在访问: https://rmydb.cnii.com.cn/html/2025/20250508/20250508_007/20250508_007_03_3052.html (尝试 1/3)
2025-06-03 14:50:31,188 - INFO - 等待 12.5 秒 (请求数: 25)
2025-06-03 14:50:47,115 - WARNING - 检测到错误页面标题: 491 Forbidden
2025-06-03 14:50:47,118 - INFO - 等待更长时间后重试...
2025-06-03 14:51:45,778 - INFO - 正在访问: https://rmydb.cnii.com.cn/html/2025/20250508/20250508_007/20250508_007_03_3052.html (尝试 2/3)
2025-06-03 14:51:45,839 - INFO - 等待 12.1 秒 (请求数: 26)
2025-06-03 14:52:01,979 - WARNING - 检测到错误页面标题: 491 Forbidden
2025-06-03 14:52:01,979 - INFO - 等待更长时间后重试...
2025-06-03 14:52:39,967 - INFO - 正在访问: https://rmydb.cnii.com.cn/html/2025/20250508/20250508_007/20250508_007_03_3052.html (尝试 3/3)
2025-06-03 14:52:39,972 - INFO - 等待 16.4 秒 (请求数: 27)
2025-06-03 14:53:00,045 - WARNING - 检测到错误页面标题: 491 Forbidden
2025-06-03 14:53:00,057 - INFO - 文章已保存: articles/20250508/20250508_007_03_3052.json
2025-06-03 14:53:00,059 - INFO - 正在爬取文章: 陕西省24名未成年业余无线电爱好者获发电台执照（附图片） - https://rmydb.cnii.com.cn/html/2025/20250508/20250508_007/20250508_007_04_55.html
2025-06-03 14:53:00,059 - INFO - 正在访问: https://rmydb.cnii.com.cn/html/2025/20250508/20250508_007/20250508_007_04_55.html (尝试 1/3)
2025-06-03 14:53:00,059 - INFO - 等待 19.9 秒 (请求数: 28)
2025-06-03 14:53:24,212 - WARNING - 检测到错误页面标题: 491 Forbidden
2025-06-03 14:53:24,213 - INFO - 等待更长时间后重试...
2025-06-03 14:54:06,728 - INFO - 正在访问: https://rmydb.cnii.com.cn/html/2025/20250508/20250508_007/20250508_007_04_55.html (尝试 2/3)
2025-06-03 14:54:06,741 - INFO - 等待 10.7 秒 (请求数: 29)
2025-06-03 14:54:23,551 - INFO - 文章已保存: articles/20250508/20250508_007_04_55.json
2025-06-03 14:54:23,554 - INFO - 正在爬取文章: 河北省衡水无监局柔性执法引导未成年人依法依规使用电台（附图片） - https://rmydb.cnii.com.cn/html/2025/20250508/20250508_007/20250508_007_05_5654.html
2025-06-03 14:54:23,554 - INFO - 正在访问: https://rmydb.cnii.com.cn/html/2025/20250508/20250508_007/20250508_007_05_5654.html (尝试 1/3)
2025-06-03 14:54:23,554 - INFO - 等待 19.6 秒 (请求数: 30)
2025-06-03 14:54:48,959 - INFO - 文章已保存: articles/20250508/20250508_007_05_5654.json
2025-06-03 14:54:48,959 - INFO - 正在爬取文章: 威海组织开展“五·五”节通联活动 - https://rmydb.cnii.com.cn/html/2025/20250508/20250508_007/20250508_007_06_5765.html
2025-06-03 14:54:48,959 - INFO - 正在访问: https://rmydb.cnii.com.cn/html/2025/20250508/20250508_007/20250508_007_06_5765.html (尝试 1/3)
2025-06-03 14:54:48,959 - INFO - 等待 12.8 秒 (请求数: 31)
2025-06-03 14:55:07,630 - WARNING - 检测到错误页面标题: 491 Forbidden
2025-06-03 14:55:07,631 - INFO - 等待更长时间后重试...
2025-06-03 14:56:02,571 - INFO - 正在访问: https://rmydb.cnii.com.cn/html/2025/20250508/20250508_007/20250508_007_06_5765.html (尝试 2/3)
2025-06-03 14:56:02,574 - INFO - 等待 12.4 秒 (请求数: 32)
2025-06-03 14:56:19,884 - WARNING - 检测到错误页面标题: 491 Forbidden
2025-06-03 14:56:19,884 - INFO - 等待更长时间后重试...
2025-06-03 14:57:17,811 - INFO - 正在访问: https://rmydb.cnii.com.cn/html/2025/20250508/20250508_007/20250508_007_06_5765.html (尝试 3/3)
2025-06-03 14:57:17,814 - INFO - 等待 13.1 秒 (请求数: 33)
2025-06-03 14:57:34,774 - WARNING - 检测到错误页面标题: 491 Forbidden
2025-06-03 14:57:34,784 - INFO - 文章已保存: articles/20250508/20250508_007_06_5765.json
2025-06-03 14:57:34,785 - INFO - 正在爬取文章: 莆田查处两起私设手机信号放大器案件 - https://rmydb.cnii.com.cn/html/2025/20250508/20250508_007/20250508_007_07_6168.html
2025-06-03 14:57:34,785 - INFO - 正在访问: https://rmydb.cnii.com.cn/html/2025/20250508/20250508_007/20250508_007_07_6168.html (尝试 1/3)
2025-06-03 14:57:34,785 - INFO - 等待 18.5 秒 (请求数: 34)
2025-06-03 14:57:59,186 - WARNING - 检测到错误页面标题: 491 Forbidden
2025-06-03 14:57:59,187 - INFO - 等待更长时间后重试...
2025-06-03 14:58:51,567 - INFO - 正在访问: https://rmydb.cnii.com.cn/html/2025/20250508/20250508_007/20250508_007_07_6168.html (尝试 2/3)
2025-06-03 14:58:51,569 - INFO - 等待 16.7 秒 (请求数: 35)
2025-06-03 14:59:11,907 - WARNING - 检测到错误页面标题: 491 Forbidden
2025-06-03 14:59:11,907 - INFO - 等待更长时间后重试...
2025-06-03 14:59:46,800 - INFO - 正在访问: https://rmydb.cnii.com.cn/html/2025/20250508/20250508_007/20250508_007_07_6168.html (尝试 3/3)
2025-06-03 14:59:46,801 - INFO - 等待 15.2 秒 (请求数: 36)
2025-06-03 15:00:09,008 - INFO - 文章已保存: articles/20250508/20250508_007_07_6168.json
2025-06-03 15:00:09,013 - INFO - 正在爬取文章: 驻马店开展防汛无线电安全保障暨行政执法演练 - https://rmydb.cnii.com.cn/html/2025/20250508/20250508_007/20250508_007_08_1466.html
2025-06-03 15:00:09,013 - INFO - 正在访问: https://rmydb.cnii.com.cn/html/2025/20250508/20250508_007/20250508_007_08_1466.html (尝试 1/3)
2025-06-03 15:00:09,013 - INFO - 等待 15.7 秒 (请求数: 37)
2025-06-03 15:00:30,568 - WARNING - 检测到错误页面标题: 491 Forbidden
2025-06-03 15:00:30,569 - INFO - 等待更长时间后重试...
2025-06-03 15:01:23,453 - INFO - 正在访问: https://rmydb.cnii.com.cn/html/2025/20250508/20250508_007/20250508_007_08_1466.html (尝试 2/3)
2025-06-03 15:01:23,465 - INFO - 等待 15.2 秒 (请求数: 38)
2025-06-03 15:01:44,219 - WARNING - 检测到错误页面标题: 491 Forbidden
2025-06-03 15:01:44,221 - INFO - 等待更长时间后重试...
2025-06-03 15:02:20,225 - INFO - 正在访问: https://rmydb.cnii.com.cn/html/2025/20250508/20250508_007/20250508_007_08_1466.html (尝试 3/3)
2025-06-03 15:02:20,239 - INFO - 等待 18.3 秒 (请求数: 39)
2025-06-03 15:02:44,018 - WARNING - 检测到错误页面标题: 491 Forbidden
2025-06-03 15:02:44,066 - INFO - 文章已保存: articles/20250508/20250508_007_08_1466.json
2025-06-03 15:02:44,071 - INFO - 正在爬取文章: 国家高新区“攀高逐新”实现开门红 - https://rmydb.cnii.com.cn/html/2025/20250508/20250508_008/20250508_008_01_5641.html
2025-06-03 15:02:44,071 - INFO - 正在访问: https://rmydb.cnii.com.cn/html/2025/20250508/20250508_008/20250508_008_01_5641.html (尝试 1/3)
2025-06-03 15:02:44,074 - INFO - 等待 14.4 秒 (请求数: 40)
2025-06-03 15:02:55,125 - WARNING - Retrying (Retry(total=2, connect=None, read=None, redirect=None, status=None)) after connection broken by 'NewConnectionError('<urllib3.connection.HTTPConnection object at 0x102204b50>: Failed to establish a new connection: [Errno 61] Connection refused')': /session/55f37232b25cf27b8e9ff87f128815ef
2025-06-03 15:02:55,137 - WARNING - Retrying (Retry(total=1, connect=None, read=None, redirect=None, status=None)) after connection broken by 'NewConnectionError('<urllib3.connection.HTTPConnection object at 0x1100cfbe0>: Failed to establish a new connection: [Errno 61] Connection refused')': /session/55f37232b25cf27b8e9ff87f128815ef
2025-06-03 15:02:55,140 - WARNING - Retrying (Retry(total=0, connect=None, read=None, redirect=None, status=None)) after connection broken by 'NewConnectionError('<urllib3.connection.HTTPConnection object at 0x1100cfaf0>: Failed to establish a new connection: [Errno 61] Connection refused')': /session/55f37232b25cf27b8e9ff87f128815ef
2025-06-03 15:02:55,143 - INFO - 浏览器已关闭
2025-06-03 15:27:12,977 - INFO - 20250501: 应有33篇, 已爬33篇, 遗漏0篇
2025-06-03 15:27:12,978 - INFO - 20250507: 应有31篇, 已爬31篇, 遗漏0篇
2025-06-03 15:27:12,979 - INFO - 20250508: 应有43篇, 已爬38篇, 遗漏5篇
2025-06-03 15:27:12,979 - INFO - 20250509: 应有24篇, 已爬10篇, 遗漏14篇
2025-06-03 15:27:12,980 - INFO - 20250512: 应有29篇, 已爬10篇, 遗漏19篇
2025-06-03 15:27:12,980 - INFO - 20250513: 应有42篇, 已爬10篇, 遗漏32篇
2025-06-03 15:27:12,981 - INFO - 20250514: 应有31篇, 已爬10篇, 遗漏21篇
2025-06-03 15:27:12,981 - INFO - 20250515: 应有37篇, 已爬10篇, 遗漏27篇
2025-06-03 15:27:12,982 - INFO - 20250517: 应有89篇, 已爬10篇, 遗漏79篇
2025-06-03 15:27:12,983 - INFO - 20250519: 应有38篇, 已爬10篇, 遗漏28篇
2025-06-03 15:27:12,983 - INFO - 20250520: 应有23篇, 已爬10篇, 遗漏13篇
2025-06-03 15:27:12,983 - INFO - 20250521: 应有22篇, 已爬7篇, 遗漏15篇
2025-06-03 15:27:12,984 - INFO - 20250522: 应有47篇, 已爬0篇, 遗漏47篇
2025-06-03 15:27:12,984 - INFO - 20250523: 应有26篇, 已爬0篇, 遗漏26篇
2025-06-03 15:27:12,985 - INFO - 20250526: 应有27篇, 已爬0篇, 遗漏27篇
2025-06-03 15:27:12,985 - INFO - 20250527: 应有43篇, 已爬0篇, 遗漏43篇
2025-06-03 15:27:12,986 - INFO - 20250528: 应有20篇, 已爬0篇, 遗漏20篇
2025-06-03 15:27:12,986 - INFO - 20250529: 应有41篇, 已爬0篇, 遗漏41篇
2025-06-03 15:27:12,986 - INFO - 20250530: 应有24篇, 已爬0篇, 遗漏24篇
2025-06-03 15:27:12,987 - INFO - 20250603: 应有53篇, 已爬0篇, 遗漏53篇
2025-06-03 15:27:17,123 - INFO - ====== WebDriver manager ======
2025-06-03 15:27:17,437 - INFO - Get LATEST chromedriver version for google-chrome
2025-06-03 15:27:18,824 - INFO - Get LATEST chromedriver version for google-chrome
2025-06-03 15:27:20,081 - INFO - Driver [/Users/dragonzhang/.wdm/drivers/chromedriver/mac64/137.0.7151.68/chromedriver-mac-arm64/chromedriver] found in cache
2025-06-03 15:27:22,539 - INFO - Chrome WebDriver 初始化成功
2025-06-03 15:27:22,539 - INFO - 开始补充爬取 20250508 的遗漏文章
2025-06-03 15:27:22,540 - INFO - 开始爬取 20250508 的文章 (从第 1 篇开始)
2025-06-03 15:27:22,540 - INFO - 文章已存在且有效，跳过: articles/20250508/20250508_001_01_594.json
2025-06-03 15:27:22,541 - INFO - 文章已存在且有效，跳过: articles/20250508/20250508_001_02_9222.json
2025-06-03 15:27:22,541 - INFO - 文章已存在且有效，跳过: articles/20250508/20250508_001_03_8487.json
2025-06-03 15:27:22,541 - INFO - 文章已存在且有效，跳过: articles/20250508/20250508_001_04_5731.json
2025-06-03 15:27:22,541 - INFO - 文章已存在且有效，跳过: articles/20250508/20250508_001_05_9722.json
2025-06-03 15:27:22,542 - INFO - 文章已存在且有效，跳过: articles/20250508/20250508_001_06_400.json
2025-06-03 15:27:22,542 - INFO - 文章已存在且有效，跳过: articles/20250508/20250508_001_07_9540.json
2025-06-03 15:27:22,542 - INFO - 文章已存在且有效，跳过: articles/20250508/20250508_002_01_79.json
2025-06-03 15:27:22,543 - INFO - 文章已存在且有效，跳过: articles/20250508/20250508_002_02_6066.json
2025-06-03 15:27:22,543 - INFO - 文章已存在且有效，跳过: articles/20250508/20250508_002_03_5548.json
2025-06-03 15:27:22,543 - INFO - 文章已存在且有效，跳过: articles/20250508/20250508_002_04_9560.json
2025-06-03 15:27:22,543 - INFO - 文章已存在且有效，跳过: articles/20250508/20250508_002_05_5704.json
2025-06-03 15:27:22,544 - INFO - 文章已存在且有效，跳过: articles/20250508/20250508_002_06_3891.json
2025-06-03 15:27:22,544 - INFO - 文章已存在且有效，跳过: articles/20250508/20250508_003_01_5192.json
2025-06-03 15:27:22,544 - INFO - 文章已存在且有效，跳过: articles/20250508/20250508_003_02_5687.json
2025-06-03 15:27:22,545 - INFO - 文章已存在且有效，跳过: articles/20250508/20250508_003_03_6193.json
2025-06-03 15:27:22,545 - INFO - 文章已存在且有效，跳过: articles/20250508/20250508_004_01_3114.json
2025-06-03 15:27:22,546 - INFO - 文章已存在且有效，跳过: articles/20250508/20250508_004_02_3821.json
2025-06-03 15:27:22,547 - INFO - 文章已存在且有效，跳过: articles/20250508/20250508_004_03_5513.json
2025-06-03 15:27:22,548 - INFO - 文章已存在且有效，跳过: articles/20250508/20250508_004_04_7511.json
2025-06-03 15:27:22,548 - INFO - 文章已存在且有效，跳过: articles/20250508/20250508_004_05_251.json
2025-06-03 15:27:22,549 - INFO - 文章已存在且有效，跳过: articles/20250508/20250508_005_01_4678.json
2025-06-03 15:27:22,549 - INFO - 文章已存在且有效，跳过: articles/20250508/20250508_005_02_5981.json
2025-06-03 15:27:22,550 - INFO - 文章已存在且有效，跳过: articles/20250508/20250508_005_03_1352.json
2025-06-03 15:27:22,551 - INFO - 文章已存在且有效，跳过: articles/20250508/20250508_005_04_7652.json
2025-06-03 15:27:22,552 - INFO - 文章已存在且有效，跳过: articles/20250508/20250508_006_01_3386.json
2025-06-03 15:27:22,553 - INFO - 文章已存在且有效，跳过: articles/20250508/20250508_006_02_5475.json
2025-06-03 15:27:22,553 - INFO - 文章已存在且有效，跳过: articles/20250508/20250508_006_03_2080.json
2025-06-03 15:27:22,554 - INFO - 文章已存在且有效，跳过: articles/20250508/20250508_006_04_8647.json
2025-06-03 15:27:22,556 - INFO - 文章已存在且有效，跳过: articles/20250508/20250508_006_05_2612.json
2025-06-03 15:27:22,653 - INFO - 文章已存在且有效，跳过: articles/20250508/20250508_007_01_312.json
2025-06-03 15:27:22,667 - INFO - 正在爬取文章: 首颗低倾角轨道降水测量卫星正式运行一周年（附图片） - https://rmydb.cnii.com.cn/html/2025/20250508/20250508_007/20250508_007_02_6927.html
2025-06-03 15:27:22,669 - INFO - 正在访问: https://rmydb.cnii.com.cn/html/2025/20250508/20250508_007/20250508_007_02_6927.html (尝试 1/3)
2025-06-03 15:27:22,676 - INFO - 等待 4.9 秒 (请求数: 1)
2025-06-03 15:27:36,172 - INFO - 文章已保存: articles/20250508/20250508_007_02_6927.json
2025-06-03 15:27:36,174 - INFO - 正在爬取文章: 内蒙古工信厅完成飞船返回无线电安全保障任务（附图片） - https://rmydb.cnii.com.cn/html/2025/20250508/20250508_007/20250508_007_03_3052.html
2025-06-03 15:27:36,174 - INFO - 正在访问: https://rmydb.cnii.com.cn/html/2025/20250508/20250508_007/20250508_007_03_3052.html (尝试 1/3)
2025-06-03 15:27:36,174 - INFO - 等待 3.7 秒 (请求数: 2)
2025-06-03 15:27:44,638 - INFO - 文章已保存: articles/20250508/20250508_007_03_3052.json
2025-06-03 15:27:44,641 - INFO - 文章已存在且有效，跳过: articles/20250508/20250508_007_04_55.json
2025-06-03 15:27:44,641 - INFO - 文章已存在且有效，跳过: articles/20250508/20250508_007_05_5654.json
2025-06-03 15:27:44,642 - INFO - 正在爬取文章: 威海组织开展“五·五”节通联活动 - https://rmydb.cnii.com.cn/html/2025/20250508/20250508_007/20250508_007_06_5765.html
2025-06-03 15:27:44,642 - INFO - 正在访问: https://rmydb.cnii.com.cn/html/2025/20250508/20250508_007/20250508_007_06_5765.html (尝试 1/3)
2025-06-03 15:27:44,643 - INFO - 等待 2.0 秒 (请求数: 3)
2025-06-03 15:27:54,606 - INFO - 文章已保存: articles/20250508/20250508_007_06_5765.json
2025-06-03 15:27:54,607 - INFO - 文章已存在且有效，跳过: articles/20250508/20250508_007_07_6168.json
2025-06-03 15:27:54,607 - INFO - 正在爬取文章: 驻马店开展防汛无线电安全保障暨行政执法演练 - https://rmydb.cnii.com.cn/html/2025/20250508/20250508_007/20250508_007_08_1466.html
2025-06-03 15:27:54,607 - INFO - 正在访问: https://rmydb.cnii.com.cn/html/2025/20250508/20250508_007/20250508_007_08_1466.html (尝试 1/3)
2025-06-03 15:27:54,607 - INFO - 等待 4.1 秒 (请求数: 4)
2025-06-03 15:28:05,729 - INFO - 文章已保存: articles/20250508/20250508_007_08_1466.json
2025-06-03 15:28:05,730 - INFO - 正在爬取文章: 国家高新区“攀高逐新”实现开门红 - https://rmydb.cnii.com.cn/html/2025/20250508/20250508_008/20250508_008_01_5641.html
2025-06-03 15:28:05,730 - INFO - 正在访问: https://rmydb.cnii.com.cn/html/2025/20250508/20250508_008/20250508_008_01_5641.html (尝试 1/3)
2025-06-03 15:28:05,730 - INFO - 等待 2.4 秒 (请求数: 5)
2025-06-03 15:28:15,672 - INFO - 文章已保存: articles/20250508/20250508_008_01_5641.json
2025-06-03 15:28:15,672 - INFO - 正在爬取文章: 图片新闻 - https://rmydb.cnii.com.cn/html/2025/20250508/20250508_008/20250508_008_02_7373.html
2025-06-03 15:28:15,672 - INFO - 正在访问: https://rmydb.cnii.com.cn/html/2025/20250508/20250508_008/20250508_008_02_7373.html (尝试 1/3)
2025-06-03 15:28:15,672 - INFO - 等待 5.0 秒 (请求数: 6)
2025-06-03 15:28:27,786 - INFO - 文章已保存: articles/20250508/20250508_008_02_7373.json
2025-06-03 15:28:27,787 - INFO - 正在爬取文章: 透视车企年报：我国汽车产业延续良好发展态势 - https://rmydb.cnii.com.cn/html/2025/20250508/20250508_008/20250508_008_03_4297.html
2025-06-03 15:28:27,787 - INFO - 正在访问: https://rmydb.cnii.com.cn/html/2025/20250508/20250508_008/20250508_008_03_4297.html (尝试 1/3)
2025-06-03 15:28:27,787 - INFO - 等待 4.7 秒 (请求数: 7)
2025-06-03 15:28:39,512 - INFO - 文章已保存: articles/20250508/20250508_008_03_4297.json
2025-06-03 15:28:39,513 - INFO - 正在爬取文章: 以数智化赋能医药工业全链条转型升级 - https://rmydb.cnii.com.cn/html/2025/20250508/20250508_008/20250508_008_04_1944.html
2025-06-03 15:28:39,513 - INFO - 正在访问: https://rmydb.cnii.com.cn/html/2025/20250508/20250508_008/20250508_008_04_1944.html (尝试 1/3)
2025-06-03 15:28:39,513 - INFO - 等待 4.4 秒 (请求数: 8)
2025-06-03 15:28:49,086 - INFO - 文章已保存: articles/20250508/20250508_008_04_1944.json
2025-06-03 15:28:49,086 - INFO - 正在爬取文章: 轻工业数字化转型“两步走”迎来新机遇 - https://rmydb.cnii.com.cn/html/2025/20250508/20250508_008/20250508_008_05_2133.html
2025-06-03 15:28:49,086 - INFO - 正在访问: https://rmydb.cnii.com.cn/html/2025/20250508/20250508_008/20250508_008_05_2133.html (尝试 1/3)
2025-06-03 15:28:49,086 - INFO - 等待 3.2 秒 (请求数: 9)
2025-06-03 15:28:58,269 - INFO - 文章已保存: articles/20250508/20250508_008_05_2133.json
2025-06-03 15:28:58,270 - INFO - 20250508 爬取完成: 成功 43/43
2025-06-03 15:28:58,270 - INFO - 20250508 补充爬取完成: 43/43
2025-06-03 15:28:58,270 - INFO - 开始补充爬取 20250509 的遗漏文章
2025-06-03 15:28:58,290 - INFO - 开始爬取 20250509 的文章 (从第 1 篇开始)
2025-06-03 15:28:58,296 - INFO - 文章已存在且有效，跳过: articles/20250509/20250509_001_01_6084.json
2025-06-03 15:28:58,300 - INFO - 文章已存在且有效，跳过: articles/20250509/20250509_001_02_6454.json
2025-06-03 15:28:58,304 - INFO - 文章已存在且有效，跳过: articles/20250509/20250509_001_03_6679.json
2025-06-03 15:28:58,307 - INFO - 文章已存在且有效，跳过: articles/20250509/20250509_001_04_4167.json
2025-06-03 15:28:58,311 - INFO - 文章已存在且有效，跳过: articles/20250509/20250509_001_05_1078.json
2025-06-03 15:28:58,315 - INFO - 文章已存在且有效，跳过: articles/20250509/20250509_001_06_7800.json
2025-06-03 15:28:58,316 - INFO - 文章已存在且有效，跳过: articles/20250509/20250509_001_07_2072.json
2025-06-03 15:28:58,323 - INFO - 文章已存在且有效，跳过: articles/20250509/20250509_002_01_3366.json
2025-06-03 15:28:58,327 - INFO - 文章已存在且有效，跳过: articles/20250509/20250509_002_02_4556.json
2025-06-03 15:28:58,330 - INFO - 文章已存在且有效，跳过: articles/20250509/20250509_002_03_4095.json
2025-06-03 15:28:58,331 - INFO - 正在爬取文章: 中移金科发布灵犀金融科技智能体 - https://rmydb.cnii.com.cn/html/2025/20250509/20250509_002/20250509_002_04_8063.html
2025-06-03 15:28:58,331 - INFO - 正在访问: https://rmydb.cnii.com.cn/html/2025/20250509/20250509_002/20250509_002_04_8063.html (尝试 1/3)
2025-06-03 15:28:58,331 - INFO - 等待 5.2 秒 (请求数: 10)
2025-06-03 15:29:09,397 - INFO - 文章已保存: articles/20250509/20250509_002_04_8063.json
2025-06-03 15:29:09,397 - INFO - 正在爬取文章: 陕西铁塔护航三秦“五一”文旅热潮 - https://rmydb.cnii.com.cn/html/2025/20250509/20250509_002/20250509_002_05_9274.html
2025-06-03 15:29:09,398 - INFO - 正在访问: https://rmydb.cnii.com.cn/html/2025/20250509/20250509_002/20250509_002_05_9274.html (尝试 1/3)
2025-06-03 15:29:09,398 - INFO - 等待 6.3 秒 (请求数: 11)
2025-06-03 15:29:22,518 - INFO - 文章已保存: articles/20250509/20250509_002_05_9274.json
2025-06-03 15:29:22,519 - INFO - 正在爬取文章: 伊春联通开启钼矿业5G云智能仓储时代 - https://rmydb.cnii.com.cn/html/2025/20250509/20250509_002/20250509_002_06_8809.html
2025-06-03 15:29:22,519 - INFO - 正在访问: https://rmydb.cnii.com.cn/html/2025/20250509/20250509_002/20250509_002_06_8809.html (尝试 1/3)
2025-06-03 15:29:22,519 - INFO - 等待 7.7 秒 (请求数: 12)
2025-06-03 15:29:37,581 - INFO - 文章已保存: articles/20250509/20250509_002_06_8809.json
2025-06-03 15:29:37,582 - INFO - 正在爬取文章: “联通一针一线”　编织中小企业数智转型样本 - https://rmydb.cnii.com.cn/html/2025/20250509/20250509_002/20250509_002_07_4086.html
2025-06-03 15:29:37,582 - INFO - 正在访问: https://rmydb.cnii.com.cn/html/2025/20250509/20250509_002/20250509_002_07_4086.html (尝试 1/3)
2025-06-03 15:29:37,582 - INFO - 等待 5.6 秒 (请求数: 13)
2025-06-03 15:29:50,444 - INFO - 文章已保存: articles/20250509/20250509_002_07_4086.json
2025-06-03 15:29:50,445 - INFO - 正在爬取文章: 支持民营经济组织依法参与数据要素市场建设 - https://rmydb.cnii.com.cn/html/2025/20250509/20250509_003/20250509_003_01_2618.html
2025-06-03 15:29:50,445 - INFO - 正在访问: https://rmydb.cnii.com.cn/html/2025/20250509/20250509_003/20250509_003_01_2618.html (尝试 1/3)
2025-06-03 15:29:50,446 - INFO - 等待 6.1 秒 (请求数: 14)
2025-06-03 15:30:03,968 - INFO - 文章已保存: articles/20250509/20250509_003_01_2618.json
2025-06-03 15:30:03,969 - INFO - 正在爬取文章: 公司投入大量资源构建的AI模型被他人使用时，应当如何维权？ - https://rmydb.cnii.com.cn/html/2025/20250509/20250509_003/20250509_003_02_7769.html
2025-06-03 15:30:03,969 - INFO - 正在访问: https://rmydb.cnii.com.cn/html/2025/20250509/20250509_003/20250509_003_02_7769.html (尝试 1/3)
2025-06-03 15:30:03,969 - INFO - 等待 5.6 秒 (请求数: 15)
2025-06-03 15:30:16,140 - INFO - 文章已保存: articles/20250509/20250509_003_02_7769.json
2025-06-03 15:30:16,140 - INFO - 正在爬取文章: 将防诈指南化作亲切乡音（图片） - https://rmydb.cnii.com.cn/html/2025/20250509/20250509_003/20250509_003_03_4282.html
2025-06-03 15:30:16,140 - INFO - 正在访问: https://rmydb.cnii.com.cn/html/2025/20250509/20250509_003/20250509_003_03_4282.html (尝试 1/3)
2025-06-03 15:30:16,140 - INFO - 等待 5.9 秒 (请求数: 16)
2025-06-03 15:30:29,419 - INFO - 文章已保存: articles/20250509/20250509_003_03_4282.json
2025-06-03 15:30:29,420 - INFO - 正在爬取文章: AI著作权之争：人类智慧不应被算法淹没 - https://rmydb.cnii.com.cn/html/2025/20250509/20250509_003/20250509_003_04_5275.html
2025-06-03 15:30:29,420 - INFO - 正在访问: https://rmydb.cnii.com.cn/html/2025/20250509/20250509_003/20250509_003_04_5275.html (尝试 1/3)
2025-06-03 15:30:29,420 - INFO - 等待 6.0 秒 (请求数: 17)
2025-06-03 15:30:41,722 - INFO - 文章已保存: articles/20250509/20250509_003_04_5275.json
2025-06-03 15:30:41,723 - INFO - 正在爬取文章: “云取证”系统助力涉案资金“一键回家” - https://rmydb.cnii.com.cn/html/2025/20250509/20250509_003/20250509_003_05_5151.html
2025-06-03 15:30:41,723 - INFO - 正在访问: https://rmydb.cnii.com.cn/html/2025/20250509/20250509_003/20250509_003_05_5151.html (尝试 1/3)
2025-06-03 15:30:41,723 - INFO - 等待 8.6 秒 (请求数: 18)
2025-06-03 15:30:58,261 - INFO - 文章已保存: articles/20250509/20250509_003_05_5151.json
2025-06-03 15:30:58,270 - INFO - 正在爬取文章: 难忘的“装电话热” - https://rmydb.cnii.com.cn/html/2025/20250509/20250509_004/20250509_004_01_9563.html
2025-06-03 15:30:58,270 - INFO - 正在访问: https://rmydb.cnii.com.cn/html/2025/20250509/20250509_004/20250509_004_01_9563.html (尝试 1/3)
2025-06-03 15:30:58,278 - INFO - 等待 7.3 秒 (请求数: 19)
2025-06-03 15:31:13,086 - INFO - 文章已保存: articles/20250509/20250509_004_01_9563.json
2025-06-03 15:31:13,095 - INFO - 正在爬取文章: 花开漫山（图片） - https://rmydb.cnii.com.cn/html/2025/20250509/20250509_004/20250509_004_02_6855.html
2025-06-03 15:31:13,096 - INFO - 正在访问: https://rmydb.cnii.com.cn/html/2025/20250509/20250509_004/20250509_004_02_6855.html (尝试 1/3)
2025-06-03 15:31:13,097 - INFO - 等待 9.9 秒 (请求数: 20)
2025-06-03 15:31:29,183 - INFO - 文章已保存: articles/20250509/20250509_004_02_6855.json
2025-06-03 15:31:29,484 - INFO - 正在爬取文章: 杭州电报业务正式退市（附图片） - https://rmydb.cnii.com.cn/html/2025/20250509/20250509_004/20250509_004_03_8915.html
2025-06-03 15:31:29,502 - INFO - 正在访问: https://rmydb.cnii.com.cn/html/2025/20250509/20250509_004/20250509_004_03_8915.html (尝试 1/3)
2025-06-03 15:31:29,503 - INFO - 等待 7.7 秒 (请求数: 21)
2025-06-03 15:31:43,919 - INFO - 文章已保存: articles/20250509/20250509_004_03_8915.json
2025-06-03 15:31:43,947 - INFO - 正在爬取文章: 《通用人工智能标准、评级、测试与架构》发布（附图片） - https://rmydb.cnii.com.cn/html/2025/20250509/20250509_004/20250509_004_04_8638.html
2025-06-03 15:31:43,947 - INFO - 正在访问: https://rmydb.cnii.com.cn/html/2025/20250509/20250509_004/20250509_004_04_8638.html (尝试 1/3)
2025-06-03 15:31:43,950 - INFO - 等待 8.9 秒 (请求数: 22)
2025-06-03 15:32:00,610 - WARNING - 检测到错误页面标题: 491 Forbidden
2025-06-03 15:32:00,690 - INFO - 等待更长时间后重试...
2025-06-03 15:33:00,526 - INFO - 正在访问: https://rmydb.cnii.com.cn/html/2025/20250509/20250509_004/20250509_004_04_8638.html (尝试 2/3)
2025-06-03 15:33:00,838 - INFO - 等待 6.1 秒 (请求数: 23)
2025-06-03 15:33:17,011 - WARNING - 检测到错误页面标题: 491 Forbidden
2025-06-03 15:33:17,021 - INFO - 等待更长时间后重试...
2025-06-03 15:33:40,834 - WARNING - Retrying (Retry(total=2, connect=None, read=None, redirect=None, status=None)) after connection broken by 'NewConnectionError('<urllib3.connection.HTTPConnection object at 0x104a30a60>: Failed to establish a new connection: [Errno 61] Connection refused')': /session/63dc378d88161d46f8201897e449e5fd
2025-06-03 15:33:40,977 - WARNING - Retrying (Retry(total=1, connect=None, read=None, redirect=None, status=None)) after connection broken by 'NewConnectionError('<urllib3.connection.HTTPConnection object at 0x109b90280>: Failed to establish a new connection: [Errno 61] Connection refused')': /session/63dc378d88161d46f8201897e449e5fd
2025-06-03 15:33:40,992 - WARNING - Retrying (Retry(total=0, connect=None, read=None, redirect=None, status=None)) after connection broken by 'NewConnectionError('<urllib3.connection.HTTPConnection object at 0x109b907c0>: Failed to establish a new connection: [Errno 61] Connection refused')': /session/63dc378d88161d46f8201897e449e5fd
2025-06-03 15:33:41,006 - INFO - 浏览器已关闭
2025-06-03 15:50:58,146 - INFO - 20250501: 应有33篇, 已爬33篇, 遗漏0篇
2025-06-03 15:50:58,147 - INFO - 20250507: 应有31篇, 已爬31篇, 遗漏0篇
2025-06-03 15:50:58,148 - INFO - 20250508: 应有43篇, 已爬43篇, 遗漏0篇
2025-06-03 15:50:58,149 - INFO - 20250509: 应有24篇, 已爬22篇, 遗漏2篇
2025-06-03 15:50:58,149 - INFO - 20250512: 应有29篇, 已爬10篇, 遗漏19篇
2025-06-03 15:50:58,149 - INFO - 20250513: 应有42篇, 已爬10篇, 遗漏32篇
2025-06-03 15:50:58,150 - INFO - 20250514: 应有31篇, 已爬10篇, 遗漏21篇
2025-06-03 15:50:58,150 - INFO - 20250515: 应有37篇, 已爬10篇, 遗漏27篇
2025-06-03 15:50:58,151 - INFO - 20250517: 应有89篇, 已爬10篇, 遗漏79篇
2025-06-03 15:50:58,152 - INFO - 20250519: 应有38篇, 已爬10篇, 遗漏28篇
2025-06-03 15:50:58,153 - INFO - 20250520: 应有23篇, 已爬10篇, 遗漏13篇
2025-06-03 15:50:58,153 - INFO - 20250521: 应有22篇, 已爬7篇, 遗漏15篇
2025-06-03 15:50:58,154 - INFO - 20250522: 应有47篇, 已爬0篇, 遗漏47篇
2025-06-03 15:50:58,154 - INFO - 20250523: 应有26篇, 已爬0篇, 遗漏26篇
2025-06-03 15:50:58,154 - INFO - 20250526: 应有27篇, 已爬0篇, 遗漏27篇
2025-06-03 15:50:58,155 - INFO - 20250527: 应有43篇, 已爬0篇, 遗漏43篇
2025-06-03 15:50:58,155 - INFO - 20250528: 应有20篇, 已爬0篇, 遗漏20篇
2025-06-03 15:50:58,155 - INFO - 20250529: 应有41篇, 已爬0篇, 遗漏41篇
2025-06-03 15:50:58,156 - INFO - 20250530: 应有24篇, 已爬0篇, 遗漏24篇
2025-06-03 15:50:58,156 - INFO - 20250603: 应有53篇, 已爬0篇, 遗漏53篇
2025-06-03 15:51:02,079 - INFO - ====== WebDriver manager ======
2025-06-03 15:51:02,370 - INFO - Get LATEST chromedriver version for google-chrome
2025-06-03 15:51:03,566 - INFO - Get LATEST chromedriver version for google-chrome
2025-06-03 15:51:04,722 - INFO - Driver [/Users/dragonzhang/.wdm/drivers/chromedriver/mac64/137.0.7151.68/chromedriver-mac-arm64/chromedriver] found in cache
2025-06-03 15:51:06,981 - INFO - Chrome WebDriver 初始化成功
2025-06-03 15:51:06,983 - INFO - 开始补充爬取 20250509 的遗漏文章
2025-06-03 15:51:06,984 - INFO - 开始爬取 20250509 的文章 (从第 1 篇开始)
2025-06-03 15:51:06,985 - INFO - 文章已存在且有效，跳过: articles/20250509/20250509_001_01_6084.json
2025-06-03 15:51:06,985 - INFO - 文章已存在且有效，跳过: articles/20250509/20250509_001_02_6454.json
2025-06-03 15:51:06,986 - INFO - 文章已存在且有效，跳过: articles/20250509/20250509_001_03_6679.json
2025-06-03 15:51:06,986 - INFO - 文章已存在且有效，跳过: articles/20250509/20250509_001_04_4167.json
2025-06-03 15:51:06,986 - INFO - 文章已存在且有效，跳过: articles/20250509/20250509_001_05_1078.json
2025-06-03 15:51:06,987 - INFO - 文章已存在且有效，跳过: articles/20250509/20250509_001_06_7800.json
2025-06-03 15:51:06,987 - INFO - 文章已存在且有效，跳过: articles/20250509/20250509_001_07_2072.json
2025-06-03 15:51:06,988 - INFO - 文章已存在且有效，跳过: articles/20250509/20250509_002_01_3366.json
2025-06-03 15:51:06,988 - INFO - 文章已存在且有效，跳过: articles/20250509/20250509_002_02_4556.json
2025-06-03 15:51:06,988 - INFO - 文章已存在且有效，跳过: articles/20250509/20250509_002_03_4095.json
2025-06-03 15:51:06,989 - INFO - 文章已存在且有效，跳过: articles/20250509/20250509_002_04_8063.json
2025-06-03 15:51:06,991 - INFO - 文章已存在且有效，跳过: articles/20250509/20250509_002_05_9274.json
2025-06-03 15:51:06,993 - INFO - 文章已存在且有效，跳过: articles/20250509/20250509_002_06_8809.json
2025-06-03 15:51:06,994 - INFO - 文章已存在且有效，跳过: articles/20250509/20250509_002_07_4086.json
2025-06-03 15:51:06,995 - INFO - 文章已存在且有效，跳过: articles/20250509/20250509_003_01_2618.json
2025-06-03 15:51:06,997 - INFO - 文章已存在且有效，跳过: articles/20250509/20250509_003_02_7769.json
2025-06-03 15:51:06,997 - INFO - 文章已存在且有效，跳过: articles/20250509/20250509_003_03_4282.json
2025-06-03 15:51:06,998 - INFO - 文章已存在且有效，跳过: articles/20250509/20250509_003_04_5275.json
2025-06-03 15:51:07,001 - INFO - 文章已存在且有效，跳过: articles/20250509/20250509_003_05_5151.json
2025-06-03 15:51:07,002 - INFO - 文章已存在且有效，跳过: articles/20250509/20250509_004_01_9563.json
2025-06-03 15:51:07,003 - INFO - 文章已存在且有效，跳过: articles/20250509/20250509_004_02_6855.json
2025-06-03 15:51:07,003 - INFO - 文章已存在且有效，跳过: articles/20250509/20250509_004_03_8915.json
2025-06-03 15:51:07,004 - INFO - 正在爬取文章: 《通用人工智能标准、评级、测试与架构》发布（附图片） - https://rmydb.cnii.com.cn/html/2025/20250509/20250509_004/20250509_004_04_8638.html
2025-06-03 15:51:07,004 - INFO - 正在访问: https://rmydb.cnii.com.cn/html/2025/20250509/20250509_004/20250509_004_04_8638.html (尝试 1/3)
2025-06-03 15:51:07,006 - INFO - 等待 3.2 秒 (请求数: 1)
2025-06-03 15:51:17,171 - INFO - 文章已保存: articles/20250509/20250509_004_04_8638.json
2025-06-03 15:51:17,172 - INFO - 正在爬取文章: 在书中感悟世界和人生 - https://rmydb.cnii.com.cn/html/2025/20250509/20250509_004/20250509_004_05_2319.html
2025-06-03 15:51:17,172 - INFO - 正在访问: https://rmydb.cnii.com.cn/html/2025/20250509/20250509_004/20250509_004_05_2319.html (尝试 1/3)
2025-06-03 15:51:17,172 - INFO - 等待 4.5 秒 (请求数: 2)
2025-06-03 15:51:26,053 - INFO - 文章已保存: articles/20250509/20250509_004_05_2319.json
2025-06-03 15:51:26,054 - INFO - 20250509 爬取完成: 成功 24/24
2025-06-03 15:51:26,054 - INFO - 20250509 补充爬取完成: 24/24
2025-06-03 15:51:26,054 - INFO - 开始补充爬取 20250512 的遗漏文章
2025-06-03 15:51:26,055 - INFO - 开始爬取 20250512 的文章 (从第 1 篇开始)
2025-06-03 15:51:26,056 - INFO - 文章已存在且有效，跳过: articles/20250512/20250512_001_01_9953.json
2025-06-03 15:51:26,057 - INFO - 文章已存在且有效，跳过: articles/20250512/20250512_001_02_617.json
2025-06-03 15:51:26,057 - INFO - 文章已存在且有效，跳过: articles/20250512/20250512_001_03_7908.json
2025-06-03 15:51:26,057 - INFO - 文章已存在且有效，跳过: articles/20250512/20250512_001_04_5795.json
2025-06-03 15:51:26,058 - INFO - 文章已存在且有效，跳过: articles/20250512/20250512_001_05_7914.json
2025-06-03 15:51:26,058 - INFO - 文章已存在且有效，跳过: articles/20250512/20250512_001_06_8058.json
2025-06-03 15:51:26,058 - INFO - 文章已存在且有效，跳过: articles/20250512/20250512_001_07_1931.json
2025-06-03 15:51:26,059 - INFO - 文章已存在且有效，跳过: articles/20250512/20250512_002_01_5410.json
2025-06-03 15:51:26,059 - INFO - 文章已存在且有效，跳过: articles/20250512/20250512_002_02_3637.json
2025-06-03 15:51:26,059 - INFO - 文章已存在且有效，跳过: articles/20250512/20250512_002_03_7718.json
2025-06-03 15:51:26,060 - INFO - 正在爬取文章: AI热浪来袭！广东联通人工智能科普集市吸引市民游客云集 - https://rmydb.cnii.com.cn/html/2025/20250512/20250512_002/20250512_002_04_9522.html
2025-06-03 15:51:26,060 - INFO - 正在访问: https://rmydb.cnii.com.cn/html/2025/20250512/20250512_002/20250512_002_04_9522.html (尝试 1/3)
2025-06-03 15:51:26,060 - INFO - 等待 4.1 秒 (请求数: 3)
2025-06-03 15:51:36,695 - INFO - 文章已保存: articles/20250512/20250512_002_04_9522.json
2025-06-03 15:51:36,696 - INFO - 正在爬取文章: 太原移动5G护航400余万人畅游太原 - https://rmydb.cnii.com.cn/html/2025/20250512/20250512_002/20250512_002_05_8639.html
2025-06-03 15:51:36,696 - INFO - 正在访问: https://rmydb.cnii.com.cn/html/2025/20250512/20250512_002/20250512_002_05_8639.html (尝试 1/3)
2025-06-03 15:51:36,696 - INFO - 等待 2.0 秒 (请求数: 4)
2025-06-03 15:51:45,480 - INFO - 文章已保存: articles/20250512/20250512_002_05_8639.json
2025-06-03 15:51:45,480 - INFO - 正在爬取文章: 天津联通全视界科技小屋2.0开启新体验 - https://rmydb.cnii.com.cn/html/2025/20250512/20250512_002/20250512_002_06_9390.html
2025-06-03 15:51:45,480 - INFO - 正在访问: https://rmydb.cnii.com.cn/html/2025/20250512/20250512_002/20250512_002_06_9390.html (尝试 1/3)
2025-06-03 15:51:45,480 - INFO - 等待 2.6 秒 (请求数: 5)
