2025-06-03 13:09:47,615 - ERROR - 读取文件失败 articles/20250501/20250501_008_01_5438.json: argument of type 'NoneType' is not iterable
2025-06-03 13:09:47,616 - ERROR - 读取文件失败 articles/20250501/20250501_008_02_9479.json: argument of type 'NoneType' is not iterable
2025-06-03 13:09:51,835 - INFO - 修复文章: 中国电信亚洲快链（ALC）国际通信海底光缆成功登陆海南陵水
2025-06-03 13:09:51,836 - INFO - 基础等待 19.1s (请求#1)
2025-06-03 13:10:10,930 - INFO - 访问URL: https://rmydb.cnii.com.cn/html/2025/20250520/20250520_001/20250520_001_06_7906.html
2025-06-03 13:10:11,292 - INFO - 响应状态码: 200
2025-06-03 13:10:11,298 - INFO - 文章已保存: articles/20250520/20250520_001_06_7906.json
2025-06-03 13:10:11,299 - INFO - 修复文章: 浙江联通：以“科技+”助力文旅行业出圈出彩（附图片）
2025-06-03 13:10:11,299 - INFO - 基础等待 29.2s (请求#2)
2025-06-03 13:10:40,451 - INFO - 访问URL: https://rmydb.cnii.com.cn/html/2025/20250520/20250520_002/20250520_002_02_9315.html
2025-06-03 13:10:40,877 - INFO - 响应状态码: 200
2025-06-03 13:10:40,884 - INFO - 文章已保存: articles/20250520/20250520_002_02_9315.json
2025-06-03 13:10:40,885 - INFO - 修复文章: 频谱共治　联动未来
2025-06-03 13:10:40,885 - INFO - 基础等待 27.5s (请求#3)
2025-06-03 13:11:08,366 - INFO - 访问URL: https://rmydb.cnii.com.cn/html/2025/20250520/20250520_001/20250520_001_05_9890.html
2025-06-03 13:11:08,791 - INFO - 响应状态码: 200
2025-06-03 13:11:08,805 - INFO - 文章已保存: articles/20250520/20250520_001_05_9890.json
2025-06-03 13:11:08,806 - INFO - 修复文章: 湖上麦收　5G数智来“护航”（图片）
2025-06-03 13:11:08,806 - INFO - 基础等待 28.9s (请求#4)
2025-06-03 13:11:37,748 - INFO - 访问URL: https://rmydb.cnii.com.cn/html/2025/20250520/20250520_001/20250520_001_04_9913.html
2025-06-03 13:11:38,085 - INFO - 响应状态码: 200
2025-06-03 13:11:38,094 - INFO - 文章已保存: articles/20250520/20250520_001_04_9913.json
2025-06-03 13:11:38,094 - INFO - 修复文章: 中国联通：党建引领　科技赋能文化建设·编者按
2025-06-03 13:11:38,094 - INFO - 基础等待 26.1s (请求#5)
2025-06-03 13:12:04,237 - INFO - 访问URL: https://rmydb.cnii.com.cn/html/2025/20250520/20250520_002/20250520_002_01_2943.html
2025-06-03 13:12:04,729 - INFO - 响应状态码: 200
2025-06-03 13:12:04,750 - INFO - 文章已保存: articles/20250520/20250520_002_01_2943.json
2025-06-03 13:13:10,294 - INFO - 修复文章: 一季度数字产业业务收入同比增长9.4％
2025-06-03 13:13:10,298 - INFO - 基础等待 26.0s (请求#6)
2025-06-03 13:13:36,301 - INFO - 访问URL: https://rmydb.cnii.com.cn/html/2025/20250520/20250520_001/20250520_001_03_9958.html
2025-06-03 13:13:36,722 - INFO - 响应状态码: 200
2025-06-03 13:13:36,733 - INFO - 文章已保存: articles/20250520/20250520_001_03_9958.json
2025-06-03 13:13:36,733 - INFO - 修复文章: 贵州联通：数字赋能苗乡侗寨新体验（附图片）
2025-06-03 13:13:36,733 - INFO - 基础等待 17.2s (请求#7)
2025-06-03 13:13:53,957 - INFO - 访问URL: https://rmydb.cnii.com.cn/html/2025/20250520/20250520_002/20250520_002_03_8664.html
2025-06-03 13:13:54,320 - INFO - 响应状态码: 200
2025-06-03 13:13:54,328 - INFO - 文章已保存: articles/20250520/20250520_002_03_8664.json
2025-06-03 13:13:54,328 - INFO - 修复文章: 首款抗量子安全手机发布
2025-06-03 13:13:54,328 - INFO - 基础等待 20.5s (请求#8)
2025-06-03 13:14:14,863 - INFO - 访问URL: https://rmydb.cnii.com.cn/html/2025/20250520/20250520_001/20250520_001_07_1146.html
2025-06-03 13:14:15,214 - INFO - 响应状态码: 200
2025-06-03 13:14:15,240 - INFO - 文章已保存: articles/20250520/20250520_001_07_1146.json
2025-06-03 13:14:15,243 - INFO - 修复文章: 坚持科学决策民主决策依法决策　高质量完成“十五五”规划编制工作
2025-06-03 13:14:15,244 - INFO - 基础等待 25.0s (请求#9)
2025-06-03 13:14:40,252 - INFO - 访问URL: https://rmydb.cnii.com.cn/html/2025/20250520/20250520_001/20250520_001_01_8453.html
2025-06-03 13:14:40,604 - INFO - 响应状态码: 200
2025-06-03 13:14:40,617 - INFO - 文章已保存: articles/20250520/20250520_001_01_8453.json
2025-06-03 13:14:40,617 - INFO - 修复文章: 今日导读
2025-06-03 13:14:40,617 - INFO - 第10个请求，额外等待 86.0s
2025-06-03 13:16:06,668 - INFO - 基础等待 23.2s (请求#10)
2025-06-03 13:16:29,895 - INFO - 访问URL: https://rmydb.cnii.com.cn/html/2025/20250517/20250517_001/20250517_001_08_7415.html
2025-06-03 13:16:30,245 - INFO - 响应状态码: 200
2025-06-03 13:16:30,251 - WARNING - 获取的内容质量不佳: {'title': '今日导读_人民邮电报', 'content': '2025年世界电信和信息社会日特刊\n\n详见今日2～30版', 'publish_date': None, 'author': None}
2025-06-03 13:18:11,457 - INFO - 修复文章: 中国移动发布“三大回馈计划”暨515移动爱家日品牌IP
2025-06-03 13:18:11,460 - INFO - 基础等待 22.7s (请求#11)
2025-06-03 13:18:34,197 - INFO - 访问URL: https://rmydb.cnii.com.cn/html/2025/20250517/20250517_001/20250517_001_06_5698.html
2025-06-03 13:18:34,608 - INFO - 响应状态码: 200
2025-06-03 13:18:34,623 - INFO - 文章已保存: articles/20250517/20250517_001_06_5698.json
2025-06-03 13:18:34,624 - INFO - 修复文章: 工信部召开第十四次制造业企业座谈会
2025-06-03 13:18:34,624 - INFO - 基础等待 24.9s (请求#12)
2025-06-03 13:18:59,505 - INFO - 访问URL: https://rmydb.cnii.com.cn/html/2025/20250517/20250517_001/20250517_001_05_9986.html
2025-06-03 13:18:59,872 - INFO - 响应状态码: 200
2025-06-03 13:18:59,885 - INFO - 文章已保存: articles/20250517/20250517_001_05_9986.json
2025-06-03 13:18:59,886 - INFO - 修复文章: 2025雄安北斗生态合作大会成功召开
2025-06-03 13:18:59,887 - INFO - 基础等待 26.9s (请求#13)
2025-06-03 13:19:26,771 - INFO - 访问URL: https://rmydb.cnii.com.cn/html/2025/20250517/20250517_001/20250517_001_07_4105.html
2025-06-03 13:19:27,116 - INFO - 响应状态码: 200
2025-06-03 13:19:27,127 - INFO - 文章已保存: articles/20250517/20250517_001_07_4105.json
2025-06-03 13:19:27,127 - INFO - 修复文章: 江西电信　数智力量助力红土圣地高质量发展
2025-06-03 13:19:27,127 - INFO - 基础等待 29.2s (请求#14)
2025-06-03 13:19:56,309 - INFO - 访问URL: https://rmydb.cnii.com.cn/html/2025/20250517/20250517_002/20250517_002_02_3053.html
2025-06-03 13:19:56,698 - INFO - 响应状态码: 200
2025-06-03 13:19:56,711 - INFO - 文章已保存: articles/20250517/20250517_002_02_3053.json
2025-06-03 13:19:56,712 - INFO - 修复文章: 国际通信沧桑巨变　中国力量崛起东方（附开栏的话）
2025-06-03 13:19:56,712 - INFO - 基础等待 26.4s (请求#15)
2025-06-03 13:20:23,096 - INFO - 访问URL: https://rmydb.cnii.com.cn/html/2025/20250517/20250517_001/20250517_001_04_2526.html
2025-06-03 13:20:23,505 - INFO - 响应状态码: 200
2025-06-03 13:20:23,522 - INFO - 文章已保存: articles/20250517/20250517_001_04_2526.json
2025-06-03 13:22:06,987 - INFO - 修复文章: 江西信息通信业：数字赋能，点亮高质量发展新图景（附图片）
2025-06-03 13:22:06,990 - INFO - 基础等待 24.5s (请求#16)
2025-06-03 13:22:31,529 - INFO - 访问URL: https://rmydb.cnii.com.cn/html/2025/20250517/20250517_002/20250517_002_01_9605.html
2025-06-03 13:22:32,029 - INFO - 响应状态码: 200
2025-06-03 13:22:32,034 - INFO - 文章已保存: articles/20250517/20250517_002_01_9605.json
2025-06-03 13:22:32,034 - INFO - 修复文章: “黑科技”迎接数智全运（图片）
2025-06-03 13:22:32,034 - INFO - 基础等待 25.2s (请求#17)
2025-06-03 13:22:57,237 - INFO - 访问URL: https://rmydb.cnii.com.cn/html/2025/20250517/20250517_001/20250517_001_03_7973.html
2025-06-03 13:22:57,669 - INFO - 响应状态码: 200
2025-06-03 13:22:57,686 - INFO - 文章已保存: articles/20250517/20250517_001_03_7973.json
2025-06-03 13:22:57,688 - INFO - 修复文章: “百城千园行”加速工业互联网规模化应用　激活园区数字化转型新动能
2025-06-03 13:22:57,688 - INFO - 基础等待 20.4s (请求#18)
2025-06-03 13:23:18,120 - INFO - 访问URL: https://rmydb.cnii.com.cn/html/2025/20250521/20250521_001/20250521_001_05_6616.html
2025-06-03 13:23:18,621 - INFO - 响应状态码: 200
2025-06-03 13:23:18,638 - INFO - 文章已保存: articles/20250521/20250521_001_05_6616.json
2025-06-03 13:23:18,642 - INFO - 修复文章: 中国电信召开2025年全国劳动模范和先进表彰座谈会
2025-06-03 13:23:18,643 - INFO - 基础等待 19.8s (请求#19)
2025-06-03 13:23:38,438 - INFO - 访问URL: https://rmydb.cnii.com.cn/html/2025/20250521/20250521_001/20250521_001_06_1539.html
2025-06-03 13:23:39,346 - INFO - 响应状态码: 200
2025-06-03 13:23:39,359 - INFO - 文章已保存: articles/20250521/20250521_001_06_1539.json
2025-06-03 13:23:39,359 - INFO - 修复文章: 万兆联通快启AI生活（图片）
2025-06-03 13:23:39,360 - INFO - 第20个请求，额外等待 65.4s
2025-06-03 13:24:44,769 - INFO - 基础等待 23.6s (请求#20)
2025-06-03 13:25:08,364 - INFO - 访问URL: https://rmydb.cnii.com.cn/html/2025/20250521/20250521_001/20250521_001_04_9388.html
2025-06-03 13:25:08,997 - INFO - 响应状态码: 200
2025-06-03 13:25:09,016 - INFO - 文章已保存: articles/20250521/20250521_001_04_9388.json
2025-06-03 13:26:26,783 - INFO - 修复文章: “和美乡途”文旅帮扶平台上线
2025-06-03 13:26:26,790 - INFO - 基础等待 16.1s (请求#21)
2025-06-03 13:26:42,882 - INFO - 访问URL: https://rmydb.cnii.com.cn/html/2025/20250521/20250521_001/20250521_001_07_4392.html
2025-06-03 13:26:43,345 - INFO - 响应状态码: 200
2025-06-03 13:26:43,359 - INFO - 文章已保存: articles/20250521/20250521_001_07_4392.json
2025-06-03 13:26:43,361 - INFO - 修复文章: 李乐成主持召开工信部就业促进工作领导小组会议
2025-06-03 13:26:43,361 - INFO - 基础等待 18.5s (请求#22)
2025-06-03 13:27:01,898 - INFO - 访问URL: https://rmydb.cnii.com.cn/html/2025/20250521/20250521_001/20250521_001_01_3483.html
2025-06-03 13:27:02,445 - INFO - 响应状态码: 200
2025-06-03 13:27:02,460 - INFO - 文章已保存: articles/20250521/20250521_001_01_3483.json
2025-06-03 13:27:02,461 - INFO - 修复文章: 《数字中国建设2025年行动方案》部署8个方面重大行动
2025-06-03 13:27:02,462 - INFO - 基础等待 18.7s (请求#23)
2025-06-03 13:27:21,203 - INFO - 访问URL: https://rmydb.cnii.com.cn/html/2025/20250521/20250521_001/20250521_001_03_4439.html
2025-06-03 13:27:21,660 - INFO - 响应状态码: 200
2025-06-03 13:27:21,668 - INFO - 文章已保存: articles/20250521/20250521_001_03_4439.json
2025-06-03 13:27:21,669 - INFO - 修复文章: 九部门联合发文加快推进科技服务业高质量发展
2025-06-03 13:27:21,669 - INFO - 基础等待 18.0s (请求#24)
2025-06-03 13:27:39,670 - INFO - 访问URL: https://rmydb.cnii.com.cn/html/2025/20250521/20250521_001/20250521_001_02_7999.html
2025-06-03 13:27:40,123 - INFO - 响应状态码: 200
2025-06-03 13:27:40,129 - INFO - 文章已保存: articles/20250521/20250521_001_02_7999.json
2025-06-03 13:27:40,130 - INFO - 修复文章: 打造新质生产力　共创数智新未来（附图片）
2025-06-03 13:27:40,130 - INFO - 基础等待 26.9s (请求#25)
2025-06-03 13:28:07,061 - INFO - 访问URL: https://rmydb.cnii.com.cn/html/2025/20250519/20250519_002/20250519_002_04_2045.html
2025-06-03 13:28:07,506 - INFO - 响应状态码: 200
2025-06-03 13:28:07,544 - INFO - 文章已保存: articles/20250519/20250519_002_04_2045.json
2025-06-03 13:29:08,501 - INFO - 修复文章: 加快发展ICT新质生产力　共筑美好数字未来（附图片）
2025-06-03 13:29:08,508 - INFO - 基础等待 17.0s (请求#26)
2025-06-03 13:29:25,475 - INFO - 访问URL: https://rmydb.cnii.com.cn/html/2025/20250519/20250519_002/20250519_002_01_6875.html
2025-06-03 13:29:26,086 - INFO - 响应状态码: 200
2025-06-03 13:29:26,107 - INFO - 文章已保存: articles/20250519/20250519_002_01_6875.json
2025-06-03 13:29:26,109 - INFO - 修复文章: 4月快递业务收入同比增长10.8％
2025-06-03 13:29:26,113 - INFO - 基础等待 19.0s (请求#27)
2025-06-03 13:29:45,084 - INFO - 访问URL: https://rmydb.cnii.com.cn/html/2025/20250519/20250519_001/20250519_001_02_9884.html
2025-06-03 13:29:45,498 - INFO - 响应状态码: 200
2025-06-03 13:29:45,504 - INFO - 文章已保存: articles/20250519/20250519_001_02_9884.json
2025-06-03 13:29:45,504 - INFO - 修复文章: 算力互联网试验网建设正式启动
2025-06-03 13:29:45,505 - INFO - 基础等待 21.2s (请求#28)
2025-06-03 13:30:06,774 - INFO - 访问URL: https://rmydb.cnii.com.cn/html/2025/20250519/20250519_001/20250519_001_05_8447.html
2025-06-03 13:30:07,333 - INFO - 响应状态码: 200
2025-06-03 13:30:07,353 - INFO - 文章已保存: articles/20250519/20250519_001_05_8447.json
2025-06-03 13:30:07,354 - INFO - 修复文章: “2025年信息通信暖心服务十件实事”发布
2025-06-03 13:30:07,358 - INFO - 基础等待 22.7s (请求#29)
2025-06-03 13:30:30,114 - INFO - 访问URL: https://rmydb.cnii.com.cn/html/2025/20250519/20250519_001/20250519_001_04_6207.html
2025-06-03 13:30:30,668 - INFO - 响应状态码: 200
2025-06-03 13:30:30,734 - INFO - 文章已保存: articles/20250519/20250519_001_04_6207.json
2025-06-03 13:30:30,739 - INFO - 修复文章: 智启新篇　普惠无界（附图片）
2025-06-03 13:30:30,740 - INFO - 第30个请求，额外等待 61.7s
2025-06-03 13:31:32,496 - INFO - 基础等待 23.8s (请求#30)
2025-06-03 13:31:56,292 - INFO - 访问URL: https://rmydb.cnii.com.cn/html/2025/20250519/20250519_002/20250519_002_02_1703.html
2025-06-03 13:31:56,759 - INFO - 响应状态码: 200
2025-06-03 13:31:56,773 - INFO - 文章已保存: articles/20250519/20250519_002_02_1703.json
2025-06-03 13:33:06,771 - INFO - 修复文章: 中国联通正式发布“智家通通”产品
2025-06-03 13:33:06,776 - INFO - 基础等待 16.1s (请求#31)
2025-06-03 13:33:22,894 - INFO - 访问URL: https://rmydb.cnii.com.cn/html/2025/20250519/20250519_001/20250519_001_06_8636.html
2025-06-03 13:33:23,320 - INFO - 响应状态码: 200
2025-06-03 13:33:23,333 - INFO - 文章已保存: articles/20250519/20250519_001_06_8636.json
2025-06-03 13:33:23,335 - INFO - 修复文章: 中国移动党组举办深入贯彻中央八项规定精神学习教育第三期读书班暨专题辅导报告会
2025-06-03 13:33:23,335 - INFO - 基础等待 26.7s (请求#32)
2025-06-03 13:33:50,032 - INFO - 访问URL: https://rmydb.cnii.com.cn/html/2025/20250519/20250519_001/20250519_001_03_9711.html
2025-06-03 13:33:50,562 - INFO - 响应状态码: 200
2025-06-03 13:33:50,577 - INFO - 文章已保存: articles/20250519/20250519_001_03_9711.json
2025-06-03 13:33:50,578 - INFO - 修复文章: 共筑数智底座　共创新质未来（附图片）
2025-06-03 13:33:50,578 - INFO - 基础等待 29.2s (请求#33)
2025-06-03 13:34:19,847 - INFO - 访问URL: https://rmydb.cnii.com.cn/html/2025/20250519/20250519_002/20250519_002_03_8270.html
2025-06-03 13:34:20,377 - INFO - 响应状态码: 200
2025-06-03 13:34:20,391 - INFO - 文章已保存: articles/20250519/20250519_002_03_8270.json
2025-06-03 13:34:20,392 - INFO - 修复文章: 2025年世界电信和信息社会日暨国际电信联盟成立160周年纪念活动在南昌举行（附图片）
2025-06-03 13:34:20,392 - INFO - 基础等待 27.6s (请求#34)
2025-06-03 13:34:48,011 - INFO - 访问URL: https://rmydb.cnii.com.cn/html/2025/20250519/20250519_001/20250519_001_01_6966.html
2025-06-03 13:34:48,434 - INFO - 响应状态码: 200
2025-06-03 13:34:48,440 - INFO - 文章已保存: articles/20250519/20250519_001_01_6966.json
2025-06-03 13:34:48,441 - INFO - 修复文章: 敬告读者
2025-06-03 13:34:48,441 - INFO - 基础等待 16.0s (请求#35)
2025-06-03 13:35:04,536 - INFO - 访问URL: https://rmydb.cnii.com.cn/html/2025/20250501/20250501_001/20250501_001_09_8424.html
2025-06-03 13:35:05,577 - INFO - 响应状态码: 200
2025-06-03 13:35:05,593 - WARNING - 获取的内容质量不佳: {'title': '敬告读者_人民邮电报', 'content': '因五一放假，本报5月2日、5日、6日休刊，全年总刊期不变。', 'publish_date': None, 'author': None}
